[2022-03-19T09:13:18.933Z] Validating found git in: git
[2022-03-19T09:13:18.971Z] Using git 2.25.1 from git
[2022-03-19T09:13:18.994Z] > git rev-parse --git-dir [1ms]
[2022-03-19T09:13:18.997Z] Open repository: /opt/lampp/htdocs/Portfolio
[2022-03-19T09:13:19.572Z] > git symbolic-ref --short HEAD [75ms]
[2022-03-19T09:13:19.588Z] > git ls-files --stage -- /opt/lampp/htdocs/Portfolio/projects.php [41ms]
[2022-03-19T09:13:19.607Z] > git cat-file -s cf6809f1faf791567d4eaaa4c9c7b684c87755df [12ms]
[2022-03-19T09:13:19.608Z] > git for-each-ref --format=%(refname)%00%(upstream:short)%00%(objectname)%00%(upstream:track) refs/heads/master refs/remotes/master [29ms]
[2022-03-19T09:13:19.623Z] > git remote --verbose [2ms]
[2022-03-19T09:13:19.630Z] > git for-each-ref --sort -committerdate --format %(refname) %(objectname) %(*objectname) [15ms]
[2022-03-19T09:13:19.643Z] > git config --get commit.template [1ms]
[2022-03-19T09:13:22.714Z] > git symbolic-ref --short HEAD [2ms]
[2022-03-19T09:13:22.725Z] > git for-each-ref --format=%(refname)%00%(upstream:short)%00%(objectname)%00%(upstream:track) refs/heads/master refs/remotes/master [2ms]
[2022-03-19T09:13:22.744Z] > git for-each-ref --sort -committerdate --format %(refname) %(objectname) %(*objectname) [9ms]
[2022-03-19T09:13:22.747Z] > git remote --verbose [5ms]
[2022-03-19T09:13:22.758Z] > git config --get commit.template [2ms]
[2022-03-19T09:13:27.779Z] > git symbolic-ref --short HEAD [1ms]
[2022-03-19T09:13:27.786Z] > git for-each-ref --format=%(refname)%00%(upstream:short)%00%(objectname)%00%(upstream:track) refs/heads/master refs/remotes/master [2ms]
[2022-03-19T09:13:27.796Z] > git for-each-ref --sort -committerdate --format %(refname) %(objectname) %(*objectname) [6ms]
[2022-03-19T09:13:27.796Z] > git remote --verbose [1ms]
[2022-03-19T09:13:27.807Z] > git config --get commit.template [1ms]
[2022-03-19T09:19:11.432Z] > git symbolic-ref --short HEAD [3ms]
[2022-03-19T09:19:11.443Z] > git for-each-ref --format=%(refname)%00%(upstream:short)%00%(objectname)%00%(upstream:track) refs/heads/master refs/remotes/master [3ms]
[2022-03-19T09:19:11.459Z] > git for-each-ref --sort -committerdate --format %(refname) %(objectname) %(*objectname) [7ms]
[2022-03-19T09:19:11.460Z] > git remote --verbose [3ms]
[2022-03-19T09:19:11.484Z] > git config --get commit.template [2ms]
[2022-03-19T09:19:16.537Z] > git symbolic-ref --short HEAD [1ms]
[2022-03-19T09:19:16.544Z] > git for-each-ref --format=%(refname)%00%(upstream:short)%00%(objectname)%00%(upstream:track) refs/heads/master refs/remotes/master [2ms]
[2022-03-19T09:19:16.556Z] > git for-each-ref --sort -committerdate --format %(refname) %(objectname) %(*objectname) [5ms]
[2022-03-19T09:19:16.556Z] > git remote --verbose [1ms]
[2022-03-19T09:19:16.568Z] > git config --get commit.template [1ms]
[2022-03-19T09:19:25.597Z] > git symbolic-ref --short HEAD [2ms]
[2022-03-19T09:19:25.607Z] > git for-each-ref --format=%(refname)%00%(upstream:short)%00%(objectname)%00%(upstream:track) refs/heads/master refs/remotes/master [2ms]
[2022-03-19T09:19:25.621Z] > git for-each-ref --sort -committerdate --format %(refname) %(objectname) %(*objectname) [7ms]
[2022-03-19T09:19:25.622Z] > git remote --verbose [2ms]
[2022-03-19T09:19:25.640Z] > git config --get commit.template [3ms]
[2022-03-19T09:19:30.740Z] > git symbolic-ref --short HEAD [5ms]
[2022-03-19T09:19:30.757Z] > git for-each-ref --format=%(refname)%00%(upstream:short)%00%(objectname)%00%(upstream:track) refs/heads/master refs/remotes/master [5ms]
[2022-03-19T09:19:30.785Z] > git remote --verbose [3ms]
[2022-03-19T09:19:30.786Z] > git for-each-ref --sort -committerdate --format %(refname) %(objectname) %(*objectname) [17ms]
[2022-03-19T09:19:30.819Z] > git config --get commit.template [3ms]
[2022-03-19T09:19:31.361Z] > git ls-files --stage -- /opt/lampp/htdocs/Portfolio/projects.php [6ms]
[2022-03-19T09:19:31.377Z] > git cat-file -s cf6809f1faf791567d4eaaa4c9c7b684c87755df [2ms]
[2022-03-19T09:19:35.858Z] > git symbolic-ref --short HEAD [2ms]
[2022-03-19T09:19:35.869Z] > git for-each-ref --format=%(refname)%00%(upstream:short)%00%(objectname)%00%(upstream:track) refs/heads/master refs/remotes/master [2ms]
[2022-03-19T09:19:35.884Z] > git for-each-ref --sort -committerdate --format %(refname) %(objectname) %(*objectname) [8ms]
[2022-03-19T09:19:35.884Z] > git remote --verbose [1ms]
[2022-03-19T09:19:35.902Z] > git config --get commit.template [1ms]
[2022-03-19T09:19:40.954Z] > git symbolic-ref --short HEAD [2ms]
[2022-03-19T09:19:40.960Z] > git for-each-ref --format=%(refname)%00%(upstream:short)%00%(objectname)%00%(upstream:track) refs/heads/master refs/remotes/master [2ms]
[2022-03-19T09:19:40.969Z] > git for-each-ref --sort -committerdate --format %(refname) %(objectname) %(*objectname) [5ms]
[2022-03-19T09:19:40.970Z] > git remote --verbose [2ms]
[2022-03-19T09:19:40.981Z] > git config --get commit.template [1ms]
[2022-03-19T09:19:46.022Z] > git symbolic-ref --short HEAD [2ms]
[2022-03-19T09:19:46.027Z] > git for-each-ref --format=%(refname)%00%(upstream:short)%00%(objectname)%00%(upstream:track) refs/heads/master refs/remotes/master [1ms]
[2022-03-19T09:19:46.037Z] > git for-each-ref --sort -committerdate --format %(refname) %(objectname) %(*objectname) [5ms]
[2022-03-19T09:19:46.038Z] > git remote --verbose [2ms]
[2022-03-19T09:19:46.050Z] > git config --get commit.template [1ms]
[2022-03-19T09:19:51.075Z] > git symbolic-ref --short HEAD [1ms]
[2022-03-19T09:19:51.081Z] > git for-each-ref --format=%(refname)%00%(upstream:short)%00%(objectname)%00%(upstream:track) refs/heads/master refs/remotes/master [1ms]
[2022-03-19T09:19:51.093Z] > git for-each-ref --sort -committerdate --format %(refname) %(objectname) %(*objectname) [6ms]
[2022-03-19T09:19:51.094Z] > git remote --verbose [2ms]
[2022-03-19T09:19:51.107Z] > git config --get commit.template [2ms]
[2022-03-19T09:19:56.175Z] > git symbolic-ref --short HEAD [4ms]
[2022-03-19T09:19:56.191Z] > git for-each-ref --format=%(refname)%00%(upstream:short)%00%(objectname)%00%(upstream:track) refs/heads/master refs/remotes/master [3ms]
[2022-03-19T09:19:56.205Z] > git for-each-ref --sort -committerdate --format %(refname) %(objectname) %(*objectname) [7ms]
[2022-03-19T09:19:56.206Z] > git remote --verbose [2ms]
[2022-03-19T09:19:56.219Z] > git config --get commit.template [3ms]
[2022-03-19T09:20:01.285Z] > git symbolic-ref --short HEAD [2ms]
[2022-03-19T09:20:01.293Z] > git for-each-ref --format=%(refname)%00%(upstream:short)%00%(objectname)%00%(upstream:track) refs/heads/master refs/remotes/master [2ms]
[2022-03-19T09:20:01.304Z] > git for-each-ref --sort -committerdate --format %(refname) %(objectname) %(*objectname) [6ms]
[2022-03-19T09:20:01.304Z] > git remote --verbose [1ms]
[2022-03-19T09:20:01.319Z] > git config --get commit.template [5ms]
[2022-03-19T09:20:06.375Z] > git symbolic-ref --short HEAD [3ms]
[2022-03-19T09:20:06.380Z] > git for-each-ref --format=%(refname)%00%(upstream:short)%00%(objectname)%00%(upstream:track) refs/heads/master refs/remotes/master [1ms]
[2022-03-19T09:20:06.390Z] > git for-each-ref --sort -committerdate --format %(refname) %(objectname) %(*objectname) [5ms]
[2022-03-19T09:20:06.390Z] > git remote --verbose [1ms]
[2022-03-19T09:20:06.408Z] > git config --get commit.template [1ms]
[2022-03-19T09:20:11.464Z] > git symbolic-ref --short HEAD [2ms]
[2022-03-19T09:20:11.470Z] > git for-each-ref --format=%(refname)%00%(upstream:short)%00%(objectname)%00%(upstream:track) refs/heads/master refs/remotes/master [2ms]
[2022-03-19T09:20:11.479Z] > git for-each-ref --sort -committerdate --format %(refname) %(objectname) %(*objectname) [5ms]
[2022-03-19T09:20:11.479Z] > git remote --verbose [1ms]
[2022-03-19T09:20:11.489Z] > git config --get commit.template [1ms]
[2022-03-19T09:20:16.545Z] > git symbolic-ref --short HEAD [2ms]
[2022-03-19T09:20:16.551Z] > git for-each-ref --format=%(refname)%00%(upstream:short)%00%(objectname)%00%(upstream:track) refs/heads/master refs/remotes/master [1ms]
[2022-03-19T09:20:16.560Z] > git for-each-ref --sort -committerdate --format %(refname) %(objectname) %(*objectname) [5ms]
[2022-03-19T09:20:16.561Z] > git remote --verbose [2ms]
[2022-03-19T09:20:16.574Z] > git config --get commit.template [3ms]
[2022-03-19T09:20:21.628Z] > git symbolic-ref --short HEAD [1ms]
[2022-03-19T09:20:21.639Z] > git for-each-ref --format=%(refname)%00%(upstream:short)%00%(objectname)%00%(upstream:track) refs/heads/master refs/remotes/master [6ms]
[2022-03-19T09:20:21.649Z] > git for-each-ref --sort -committerdate --format %(refname) %(objectname) %(*objectname) [6ms]
[2022-03-19T09:20:21.650Z] > git remote --verbose [2ms]
[2022-03-19T09:20:21.663Z] > git config --get commit.template [3ms]
[2022-03-19T09:20:26.718Z] > git symbolic-ref --short HEAD [2ms]
[2022-03-19T09:20:26.725Z] > git for-each-ref --format=%(refname)%00%(upstream:short)%00%(objectname)%00%(upstream:track) refs/heads/master refs/remotes/master [2ms]
[2022-03-19T09:20:26.740Z] > git remote --verbose [6ms]
[2022-03-19T09:20:26.740Z] > git for-each-ref --sort -committerdate --format %(refname) %(objectname) %(*objectname) [10ms]
[2022-03-19T09:20:26.756Z] > git config --get commit.template [4ms]
[2022-03-19T09:20:31.817Z] > git symbolic-ref --short HEAD [2ms]
[2022-03-19T09:20:31.823Z] > git for-each-ref --format=%(refname)%00%(upstream:short)%00%(objectname)%00%(upstream:track) refs/heads/master refs/remotes/master [1ms]
[2022-03-19T09:20:31.833Z] > git for-each-ref --sort -committerdate --format %(refname) %(objectname) %(*objectname) [5ms]
[2022-03-19T09:20:31.833Z] > git remote --verbose [1ms]
[2022-03-19T09:20:31.844Z] > git config --get commit.template [1ms]
[2022-03-19T09:20:32.465Z] > git ls-files --stage -- /opt/lampp/htdocs/Portfolio/projects.php [4ms]
[2022-03-19T09:20:32.481Z] > git cat-file -s fb0a9143f26df8c8d45fe51894db2f9b6de78cfa [2ms]
[2022-03-19T09:20:36.909Z] > git symbolic-ref --short HEAD [3ms]
[2022-03-19T09:20:36.921Z] > git for-each-ref --format=%(refname)%00%(upstream:short)%00%(objectname)%00%(upstream:track) refs/heads/master refs/remotes/master [3ms]
[2022-03-19T09:20:36.936Z] > git for-each-ref --sort -committerdate --format %(refname) %(objectname) %(*objectname) [8ms]
[2022-03-19T09:20:36.936Z] > git remote --verbose [1ms]
[2022-03-19T09:20:36.949Z] > git config --get commit.template [1ms]
[2022-03-19T09:20:42.002Z] > git symbolic-ref --short HEAD [1ms]
[2022-03-19T09:20:42.008Z] > git for-each-ref --format=%(refname)%00%(upstream:short)%00%(objectname)%00%(upstream:track) refs/heads/master refs/remotes/master [1ms]
[2022-03-19T09:20:42.018Z] > git for-each-ref --sort -committerdate --format %(refname) %(objectname) %(*objectname) [5ms]
[2022-03-19T09:20:42.018Z] > git remote --verbose [1ms]
[2022-03-19T09:20:42.030Z] > git config --get commit.template [1ms]
[2022-03-19T09:20:47.086Z] > git symbolic-ref --short HEAD [2ms]
[2022-03-19T09:20:47.092Z] > git for-each-ref --format=%(refname)%00%(upstream:short)%00%(objectname)%00%(upstream:track) refs/heads/master refs/remotes/master [1ms]
[2022-03-19T09:20:47.101Z] > git for-each-ref --sort -committerdate --format %(refname) %(objectname) %(*objectname) [5ms]
[2022-03-19T09:20:47.101Z] > git remote --verbose [1ms]
[2022-03-19T09:20:47.112Z] > git config --get commit.template [2ms]
[2022-03-19T09:20:52.169Z] > git symbolic-ref --short HEAD [2ms]
[2022-03-19T09:20:52.175Z] > git for-each-ref --format=%(refname)%00%(upstream:short)%00%(objectname)%00%(upstream:track) refs/heads/master refs/remotes/master [1ms]
[2022-03-19T09:20:52.184Z] > git for-each-ref --sort -committerdate --format %(refname) %(objectname) %(*objectname) [4ms]
[2022-03-19T09:20:52.185Z] > git remote --verbose [1ms]
[2022-03-19T09:20:52.194Z] > git config --get commit.template [1ms]
[2022-03-19T09:20:57.243Z] > git symbolic-ref --short HEAD [2ms]
[2022-03-19T09:20:57.249Z] > git for-each-ref --format=%(refname)%00%(upstream:short)%00%(objectname)%00%(upstream:track) refs/heads/master refs/remotes/master [2ms]
[2022-03-19T09:20:57.258Z] > git for-each-ref --sort -committerdate --format %(refname) %(objectname) %(*objectname) [5ms]
[2022-03-19T09:20:57.258Z] > git remote --verbose [1ms]
[2022-03-19T09:20:57.270Z] > git config --get commit.template [1ms]
[2022-03-19T09:21:43.004Z] > git symbolic-ref --short HEAD [1ms]
[2022-03-19T09:21:43.010Z] > git for-each-ref --format=%(refname)%00%(upstream:short)%00%(objectname)%00%(upstream:track) refs/heads/master refs/remotes/master [1ms]
[2022-03-19T09:21:43.021Z] > git for-each-ref --sort -committerdate --format %(refname) %(objectname) %(*objectname) [6ms]
[2022-03-19T09:21:43.022Z] > git remote --verbose [2ms]
[2022-03-19T09:21:43.032Z] > git config --get commit.template [2ms]
[2022-03-19T09:21:48.085Z] > git symbolic-ref --short HEAD [1ms]
[2022-03-19T09:21:48.092Z] > git for-each-ref --format=%(refname)%00%(upstream:short)%00%(objectname)%00%(upstream:track) refs/heads/master refs/remotes/master [1ms]
[2022-03-19T09:21:48.103Z] > git remote --verbose [2ms]
[2022-03-19T09:21:48.103Z] > git for-each-ref --sort -committerdate --format %(refname) %(objectname) %(*objectname) [6ms]
[2022-03-19T09:21:48.112Z] > git config --get commit.template [1ms]
[2022-03-19T09:21:53.190Z] > git symbolic-ref --short HEAD [5ms]
[2022-03-19T09:21:53.211Z] > git for-each-ref --format=%(refname)%00%(upstream:short)%00%(objectname)%00%(upstream:track) refs/heads/master refs/remotes/master [7ms]
[2022-03-19T09:21:53.242Z] > git for-each-ref --sort -committerdate --format %(refname) %(objectname) %(*objectname) [17ms]
[2022-03-19T09:21:53.243Z] > git remote --verbose [5ms]
[2022-03-19T09:21:53.281Z] > git config --get commit.template [2ms]
[2022-03-19T09:21:57.060Z] > git ls-files --stage -- /opt/lampp/htdocs/Portfolio/projects.php [6ms]
[2022-03-19T09:21:57.077Z] > git cat-file -s fb0a9143f26df8c8d45fe51894db2f9b6de78cfa [3ms]
[2022-03-19T09:21:58.304Z] > git symbolic-ref --short HEAD [1ms]
[2022-03-19T09:21:58.319Z] > git for-each-ref --format=%(refname)%00%(upstream:short)%00%(objectname)%00%(upstream:track) refs/heads/master refs/remotes/master [10ms]
[2022-03-19T09:21:58.330Z] > git for-each-ref --sort -committerdate --format %(refname) %(objectname) %(*objectname) [6ms]
[2022-03-19T09:21:58.331Z] > git remote --verbose [2ms]
[2022-03-19T09:21:58.342Z] > git config --get commit.template [2ms]
[2022-03-19T09:22:03.407Z] > git symbolic-ref --short HEAD [3ms]
[2022-03-19T09:22:03.418Z] > git for-each-ref --format=%(refname)%00%(upstream:short)%00%(objectname)%00%(upstream:track) refs/heads/master refs/remotes/master [2ms]
[2022-03-19T09:22:03.431Z] > git for-each-ref --sort -committerdate --format %(refname) %(objectname) %(*objectname) [7ms]
[2022-03-19T09:22:03.432Z] > git remote --verbose [2ms]
[2022-03-19T09:22:03.440Z] > git config --get commit.template [2ms]
[2022-03-19T09:22:08.460Z] > git symbolic-ref --short HEAD [1ms]
[2022-03-19T09:22:08.466Z] > git for-each-ref --format=%(refname)%00%(upstream:short)%00%(objectname)%00%(upstream:track) refs/heads/master refs/remotes/master [1ms]
[2022-03-19T09:22:08.476Z] > git for-each-ref --sort -committerdate --format %(refname) %(objectname) %(*objectname) [5ms]
[2022-03-19T09:22:08.476Z] > git remote --verbose [1ms]
[2022-03-19T09:22:08.483Z] > git config --get commit.template [1ms]
[2022-03-19T09:22:13.510Z] > git symbolic-ref --short HEAD [2ms]
[2022-03-19T09:22:13.519Z] > git for-each-ref --format=%(refname)%00%(upstream:short)%00%(objectname)%00%(upstream:track) refs/heads/master refs/remotes/master [2ms]
[2022-03-19T09:22:13.534Z] > git for-each-ref --sort -committerdate --format %(refname) %(objectname) %(*objectname) [9ms]
[2022-03-19T09:22:13.535Z] > git remote --verbose [2ms]
[2022-03-19T09:22:13.544Z] > git config --get commit.template [2ms]
[2022-03-19T09:22:18.569Z] > git symbolic-ref --short HEAD [1ms]
[2022-03-19T09:22:18.582Z] > git for-each-ref --format=%(refname)%00%(upstream:short)%00%(objectname)%00%(upstream:track) refs/heads/master refs/remotes/master [7ms]
[2022-03-19T09:22:18.594Z] > git for-each-ref --sort -committerdate --format %(refname) %(objectname) %(*objectname) [8ms]
[2022-03-19T09:22:18.594Z] > git remote --verbose [2ms]
[2022-03-19T09:22:18.602Z] > git config --get commit.template [1ms]
[2022-03-19T09:26:33.135Z] > git ls-files --stage -- /opt/lampp/htdocs/Portfolio/projects.php [2ms]
[2022-03-19T09:26:33.149Z] > git cat-file -s fb0a9143f26df8c8d45fe51894db2f9b6de78cfa [9ms]
[2022-03-19T09:26:33.149Z] > git symbolic-ref --short HEAD [1ms]
[2022-03-19T09:26:33.156Z] > git for-each-ref --format=%(refname)%00%(upstream:short)%00%(objectname)%00%(upstream:track) refs/heads/master refs/remotes/master [2ms]
[2022-03-19T09:26:33.174Z] > git for-each-ref --sort -committerdate --format %(refname) %(objectname) %(*objectname) [13ms]
[2022-03-19T09:26:33.175Z] > git remote --verbose [7ms]
[2022-03-19T09:26:33.183Z] > git config --get commit.template [1ms]
[2022-03-19T09:26:48.380Z] > git symbolic-ref --short HEAD [2ms]
[2022-03-19T09:26:48.389Z] > git for-each-ref --format=%(refname)%00%(upstream:short)%00%(objectname)%00%(upstream:track) refs/heads/master refs/remotes/master [2ms]
[2022-03-19T09:26:48.408Z] > git for-each-ref --sort -committerdate --format %(refname) %(objectname) %(*objectname) [9ms]
[2022-03-19T09:26:48.409Z] > git remote --verbose [3ms]
[2022-03-19T09:26:48.418Z] > git config --get commit.template [1ms]
[2022-03-19T09:26:53.462Z] > git symbolic-ref --short HEAD [1ms]
[2022-03-19T09:26:53.468Z] > git for-each-ref --format=%(refname)%00%(upstream:short)%00%(objectname)%00%(upstream:track) refs/heads/master refs/remotes/master [1ms]
[2022-03-19T09:26:53.477Z] > git for-each-ref --sort -committerdate --format %(refname) %(objectname) %(*objectname) [5ms]
[2022-03-19T09:26:53.478Z] > git remote --verbose [2ms]
[2022-03-19T09:26:53.484Z] > git config --get commit.template [1ms]
[2022-03-19T09:30:03.119Z] > git symbolic-ref --short HEAD [2ms]
[2022-03-19T09:30:03.126Z] > git for-each-ref --format=%(refname)%00%(upstream:short)%00%(objectname)%00%(upstream:track) refs/heads/master refs/remotes/master [2ms]
[2022-03-19T09:30:03.136Z] > git for-each-ref --sort -committerdate --format %(refname) %(objectname) %(*objectname) [5ms]
[2022-03-19T09:30:03.137Z] > git remote --verbose [1ms]
[2022-03-19T09:30:03.145Z] > git config --get commit.template [1ms]
[2022-03-19T09:30:08.199Z] > git symbolic-ref --short HEAD [1ms]
[2022-03-19T09:30:08.206Z] > git for-each-ref --format=%(refname)%00%(upstream:short)%00%(objectname)%00%(upstream:track) refs/heads/master refs/remotes/master [2ms]
[2022-03-19T09:30:08.215Z] > git for-each-ref --sort -committerdate --format %(refname) %(objectname) %(*objectname) [5ms]
[2022-03-19T09:30:08.216Z] > git remote --verbose [1ms]
[2022-03-19T09:30:08.223Z] > git config --get commit.template [1ms]
[2022-03-19T09:30:13.279Z] > git symbolic-ref --short HEAD [1ms]
[2022-03-19T09:30:13.285Z] > git for-each-ref --format=%(refname)%00%(upstream:short)%00%(objectname)%00%(upstream:track) refs/heads/master refs/remotes/master [1ms]
[2022-03-19T09:30:13.294Z] > git for-each-ref --sort -committerdate --format %(refname) %(objectname) %(*objectname) [4ms]
[2022-03-19T09:30:13.295Z] > git remote --verbose [1ms]
[2022-03-19T09:30:13.301Z] > git config --get commit.template [1ms]
[2022-03-19T09:30:18.346Z] > git symbolic-ref --short HEAD [1ms]
[2022-03-19T09:30:18.353Z] > git for-each-ref --format=%(refname)%00%(upstream:short)%00%(objectname)%00%(upstream:track) refs/heads/master refs/remotes/master [1ms]
[2022-03-19T09:30:18.363Z] > git for-each-ref --sort -committerdate --format %(refname) %(objectname) %(*objectname) [5ms]
[2022-03-19T09:30:18.364Z] > git remote --verbose [1ms]
[2022-03-19T09:30:18.371Z] > git config --get commit.template [1ms]
[2022-03-19T09:30:23.427Z] > git symbolic-ref --short HEAD [1ms]
[2022-03-19T09:30:23.434Z] > git for-each-ref --format=%(refname)%00%(upstream:short)%00%(objectname)%00%(upstream:track) refs/heads/master refs/remotes/master [2ms]
[2022-03-19T09:30:23.445Z] > git for-each-ref --sort -committerdate --format %(refname) %(objectname) %(*objectname) [6ms]
[2022-03-19T09:30:23.445Z] > git remote --verbose [1ms]
[2022-03-19T09:30:23.452Z] > git config --get commit.template [1ms]
[2022-03-19T09:30:28.504Z] > git symbolic-ref --short HEAD [1ms]
[2022-03-19T09:30:28.511Z] > git for-each-ref --format=%(refname)%00%(upstream:short)%00%(objectname)%00%(upstream:track) refs/heads/master refs/remotes/master [1ms]
[2022-03-19T09:30:28.520Z] > git for-each-ref --sort -committerdate --format %(refname) %(objectname) %(*objectname) [5ms]
[2022-03-19T09:30:28.520Z] > git remote --verbose [1ms]
[2022-03-19T09:30:28.529Z] > git config --get commit.template [2ms]
[2022-03-19T09:30:33.586Z] > git symbolic-ref --short HEAD [2ms]
[2022-03-19T09:30:33.592Z] > git for-each-ref --format=%(refname)%00%(upstream:short)%00%(objectname)%00%(upstream:track) refs/heads/master refs/remotes/master [1ms]
[2022-03-19T09:30:33.601Z] > git for-each-ref --sort -committerdate --format %(refname) %(objectname) %(*objectname) [5ms]
[2022-03-19T09:30:33.602Z] > git remote --verbose [1ms]
[2022-03-19T09:30:33.608Z] > git config --get commit.template [1ms]
[2022-03-19T09:30:38.664Z] > git symbolic-ref --short HEAD [1ms]
[2022-03-19T09:30:38.671Z] > git for-each-ref --format=%(refname)%00%(upstream:short)%00%(objectname)%00%(upstream:track) refs/heads/master refs/remotes/master [2ms]
[2022-03-19T09:30:38.681Z] > git for-each-ref --sort -committerdate --format %(refname) %(objectname) %(*objectname) [5ms]
[2022-03-19T09:30:38.681Z] > git remote --verbose [1ms]
[2022-03-19T09:30:38.688Z] > git config --get commit.template [1ms]
[2022-03-19T09:30:43.745Z] > git symbolic-ref --short HEAD [1ms]
[2022-03-19T09:30:43.752Z] > git for-each-ref --format=%(refname)%00%(upstream:short)%00%(objectname)%00%(upstream:track) refs/heads/master refs/remotes/master [1ms]
[2022-03-19T09:30:43.763Z] > git for-each-ref --sort -committerdate --format %(refname) %(objectname) %(*objectname) [6ms]
[2022-03-19T09:30:43.763Z] > git remote --verbose [1ms]
[2022-03-19T09:30:43.770Z] > git config --get commit.template [2ms]
[2022-03-19T09:30:48.842Z] > git symbolic-ref --short HEAD [2ms]
[2022-03-19T09:30:48.851Z] > git for-each-ref --format=%(refname)%00%(upstream:short)%00%(objectname)%00%(upstream:track) refs/heads/master refs/remotes/master [2ms]
[2022-03-19T09:30:48.865Z] > git for-each-ref --sort -committerdate --format %(refname) %(objectname) %(*objectname) [7ms]
[2022-03-19T09:30:48.866Z] > git remote --verbose [1ms]
[2022-03-19T09:30:48.873Z] > git config --get commit.template [2ms]
[2022-03-19T09:30:53.936Z] > git symbolic-ref --short HEAD [3ms]
[2022-03-19T09:30:53.946Z] > git for-each-ref --format=%(refname)%00%(upstream:short)%00%(objectname)%00%(upstream:track) refs/heads/master refs/remotes/master [2ms]
[2022-03-19T09:30:53.959Z] > git for-each-ref --sort -committerdate --format %(refname) %(objectname) %(*objectname) [6ms]
[2022-03-19T09:30:53.960Z] > git remote --verbose [1ms]
[2022-03-19T09:30:53.967Z] > git config --get commit.template [1ms]
[2022-03-19T09:30:59.019Z] > git symbolic-ref --short HEAD [1ms]
[2022-03-19T09:30:59.028Z] > git for-each-ref --format=%(refname)%00%(upstream:short)%00%(objectname)%00%(upstream:track) refs/heads/master refs/remotes/master [2ms]
[2022-03-19T09:30:59.041Z] > git for-each-ref --sort -committerdate --format %(refname) %(objectname) %(*objectname) [7ms]
[2022-03-19T09:30:59.041Z] > git remote --verbose [1ms]
[2022-03-19T09:30:59.051Z] > git config --get commit.template [2ms]
[2022-03-19T09:31:04.103Z] > git symbolic-ref --short HEAD [2ms]
[2022-03-19T09:31:04.109Z] > git for-each-ref --format=%(refname)%00%(upstream:short)%00%(objectname)%00%(upstream:track) refs/heads/master refs/remotes/master [1ms]
[2022-03-19T09:31:04.121Z] > git for-each-ref --sort -committerdate --format %(refname) %(objectname) %(*objectname) [6ms]
[2022-03-19T09:31:04.122Z] > git remote --verbose [2ms]
[2022-03-19T09:31:04.132Z] > git config --get commit.template [2ms]
[2022-03-19T09:31:09.185Z] > git symbolic-ref --short HEAD [1ms]
[2022-03-19T09:31:09.192Z] > git for-each-ref --format=%(refname)%00%(upstream:short)%00%(objectname)%00%(upstream:track) refs/heads/master refs/remotes/master [1ms]
[2022-03-19T09:31:09.204Z] > git for-each-ref --sort -committerdate --format %(refname) %(objectname) %(*objectname) [7ms]
[2022-03-19T09:31:09.204Z] > git remote --verbose [2ms]
[2022-03-19T09:31:09.212Z] > git config --get commit.template [1ms]
[2022-03-19T09:31:14.270Z] > git symbolic-ref --short HEAD [2ms]
[2022-03-19T09:31:14.277Z] > git for-each-ref --format=%(refname)%00%(upstream:short)%00%(objectname)%00%(upstream:track) refs/heads/master refs/remotes/master [2ms]
[2022-03-19T09:31:14.287Z] > git for-each-ref --sort -committerdate --format %(refname) %(objectname) %(*objectname) [5ms]
[2022-03-19T09:31:14.288Z] > git remote --verbose [1ms]
[2022-03-19T09:31:14.296Z] > git config --get commit.template [1ms]
[2022-03-19T09:31:19.350Z] > git symbolic-ref --short HEAD [2ms]
[2022-03-19T09:31:19.356Z] > git for-each-ref --format=%(refname)%00%(upstream:short)%00%(objectname)%00%(upstream:track) refs/heads/master refs/remotes/master [1ms]
[2022-03-19T09:31:19.366Z] > git for-each-ref --sort -committerdate --format %(refname) %(objectname) %(*objectname) [5ms]
[2022-03-19T09:31:19.366Z] > git remote --verbose [1ms]
[2022-03-19T09:31:19.373Z] > git config --get commit.template [1ms]
[2022-03-19T09:31:24.448Z] > git symbolic-ref --short HEAD [2ms]
[2022-03-19T09:31:24.461Z] > git for-each-ref --format=%(refname)%00%(upstream:short)%00%(objectname)%00%(upstream:track) refs/heads/master refs/remotes/master [2ms]
[2022-03-19T09:31:24.481Z] > git remote --verbose [2ms]
[2022-03-19T09:31:24.482Z] > git for-each-ref --sort -committerdate --format %(refname) %(objectname) %(*objectname) [13ms]
[2022-03-19T09:31:24.492Z] > git config --get commit.template [2ms]
[2022-03-19T09:31:29.550Z] > git symbolic-ref --short HEAD [1ms]
[2022-03-19T09:31:29.557Z] > git for-each-ref --format=%(refname)%00%(upstream:short)%00%(objectname)%00%(upstream:track) refs/heads/master refs/remotes/master [1ms]
[2022-03-19T09:31:29.567Z] > git for-each-ref --sort -committerdate --format %(refname) %(objectname) %(*objectname) [5ms]
[2022-03-19T09:31:29.567Z] > git remote --verbose [1ms]
[2022-03-19T09:31:29.573Z] > git config --get commit.template [1ms]
[2022-03-19T09:31:34.625Z] > git symbolic-ref --short HEAD [1ms]
[2022-03-19T09:31:34.631Z] > git for-each-ref --format=%(refname)%00%(upstream:short)%00%(objectname)%00%(upstream:track) refs/heads/master refs/remotes/master [1ms]
[2022-03-19T09:31:34.641Z] > git for-each-ref --sort -committerdate --format %(refname) %(objectname) %(*objectname) [5ms]
[2022-03-19T09:31:34.642Z] > git remote --verbose [1ms]
[2022-03-19T09:31:34.648Z] > git config --get commit.template [1ms]
[2022-03-19T09:31:39.705Z] > git symbolic-ref --short HEAD [1ms]
[2022-03-19T09:31:39.712Z] > git for-each-ref --format=%(refname)%00%(upstream:short)%00%(objectname)%00%(upstream:track) refs/heads/master refs/remotes/master [2ms]
[2022-03-19T09:31:39.721Z] > git for-each-ref --sort -committerdate --format %(refname) %(objectname) %(*objectname) [5ms]
[2022-03-19T09:31:39.721Z] > git remote --verbose [1ms]
[2022-03-19T09:31:39.728Z] > git config --get commit.template [1ms]
[2022-03-19T09:31:44.755Z] > git symbolic-ref --short HEAD [1ms]
[2022-03-19T09:31:44.763Z] > git for-each-ref --format=%(refname)%00%(upstream:short)%00%(objectname)%00%(upstream:track) refs/heads/master refs/remotes/master [1ms]
[2022-03-19T09:31:44.775Z] > git remote --verbose [2ms]
[2022-03-19T09:31:44.776Z] > git for-each-ref --sort -committerdate --format %(refname) %(objectname) %(*objectname) [7ms]
[2022-03-19T09:31:44.783Z] > git config --get commit.template [1ms]
[2022-03-19T09:31:49.852Z] > git symbolic-ref --short HEAD [2ms]
[2022-03-19T09:31:49.865Z] > git for-each-ref --format=%(refname)%00%(upstream:short)%00%(objectname)%00%(upstream:track) refs/heads/master refs/remotes/master [2ms]
[2022-03-19T09:31:49.882Z] > git for-each-ref --sort -committerdate --format %(refname) %(objectname) %(*objectname) [9ms]
[2022-03-19T09:31:49.882Z] > git remote --verbose [1ms]
[2022-03-19T09:31:49.891Z] > git config --get commit.template [2ms]
[2022-03-19T09:31:54.944Z] > git symbolic-ref --short HEAD [1ms]
[2022-03-19T09:31:54.951Z] > git for-each-ref --format=%(refname)%00%(upstream:short)%00%(objectname)%00%(upstream:track) refs/heads/master refs/remotes/master [2ms]
[2022-03-19T09:31:54.960Z] > git for-each-ref --sort -committerdate --format %(refname) %(objectname) %(*objectname) [5ms]
[2022-03-19T09:31:54.960Z] > git remote --verbose [1ms]
[2022-03-19T09:31:54.967Z] > git config --get commit.template [1ms]
[2022-03-19T09:32:00.053Z] > git symbolic-ref --short HEAD [2ms]
[2022-03-19T09:32:00.063Z] > git for-each-ref --format=%(refname)%00%(upstream:short)%00%(objectname)%00%(upstream:track) refs/heads/master refs/remotes/master [3ms]
[2022-03-19T09:32:00.075Z] > git for-each-ref --sort -committerdate --format %(refname) %(objectname) %(*objectname) [5ms]
[2022-03-19T09:32:00.075Z] > git remote --verbose [1ms]
[2022-03-19T09:32:00.082Z] > git config --get commit.template [1ms]
[2022-03-19T09:32:05.136Z] > git symbolic-ref --short HEAD [2ms]
[2022-03-19T09:32:05.142Z] > git for-each-ref --format=%(refname)%00%(upstream:short)%00%(objectname)%00%(upstream:track) refs/heads/master refs/remotes/master [1ms]
[2022-03-19T09:32:05.152Z] > git for-each-ref --sort -committerdate --format %(refname) %(objectname) %(*objectname) [5ms]
[2022-03-19T09:32:05.152Z] > git remote --verbose [1ms]
[2022-03-19T09:32:05.162Z] > git config --get commit.template [2ms]
