[2022-03-16T14:36:22.063Z] Validating found git in: git
[2022-03-16T14:36:22.186Z] Using git 2.25.1 from git
[2022-03-16T14:36:22.220Z] > git rev-parse --git-dir [2ms]
[2022-03-16T14:36:22.228Z] Open repository: /opt/lampp/htdocs/Portfolio
[2022-03-16T14:36:22.301Z] > git symbolic-ref --short HEAD [4ms]
[2022-03-16T14:36:22.316Z] > git for-each-ref --format=%(refname)%00%(upstream:short)%00%(objectname)%00%(upstream:track) refs/heads/master refs/remotes/master [7ms]
[2022-03-16T14:36:22.333Z] > git remote --verbose [3ms]
[2022-03-16T14:36:22.334Z] > git for-each-ref --sort -committerdate --format %(refname) %(objectname) %(*objectname) [11ms]
[2022-03-16T14:36:22.374Z] > git config --get commit.template [25ms]
[2022-03-16T14:36:22.881Z] > git ls-files --stage -- /opt/lampp/htdocs/Portfolio/projects.php [18ms]
[2022-03-16T14:36:22.894Z] > git cat-file -s efbde9e15095f3bc1f6cfb4d89d72905b8288c2d [5ms]
[2022-03-16T14:36:26.993Z] > git symbolic-ref --short HEAD [5ms]
[2022-03-16T14:36:27.006Z] > git for-each-ref --format=%(refname)%00%(upstream:short)%00%(objectname)%00%(upstream:track) refs/heads/master refs/remotes/master [2ms]
[2022-03-16T14:36:27.065Z] > git remote --verbose [42ms]
[2022-03-16T14:36:27.065Z] > git for-each-ref --sort -committerdate --format %(refname) %(objectname) %(*objectname) [51ms]
[2022-03-16T14:36:27.079Z] > git config --get commit.template [2ms]
[2022-03-16T14:36:28.520Z] > git ls-files --stage -- /opt/lampp/htdocs/Portfolio/projects.php [3ms]
[2022-03-16T14:36:28.527Z] > git cat-file -s efbde9e15095f3bc1f6cfb4d89d72905b8288c2d [2ms]
[2022-03-16T14:36:32.165Z] > git symbolic-ref --short HEAD [8ms]
[2022-03-16T14:36:32.191Z] > git for-each-ref --format=%(refname)%00%(upstream:short)%00%(objectname)%00%(upstream:track) refs/heads/master refs/remotes/master [7ms]
[2022-03-16T14:36:32.215Z] > git for-each-ref --sort -committerdate --format %(refname) %(objectname) %(*objectname) [11ms]
[2022-03-16T14:36:32.215Z] > git remote --verbose [2ms]
[2022-03-16T14:36:32.241Z] > git config --get commit.template [2ms]
[2022-03-16T14:36:37.271Z] > git symbolic-ref --short HEAD [2ms]
[2022-03-16T14:36:37.279Z] > git for-each-ref --format=%(refname)%00%(upstream:short)%00%(objectname)%00%(upstream:track) refs/heads/master refs/remotes/master [2ms]
[2022-03-16T14:36:37.293Z] > git for-each-ref --sort -committerdate --format %(refname) %(objectname) %(*objectname) [8ms]
[2022-03-16T14:36:37.293Z] > git remote --verbose [1ms]
[2022-03-16T14:36:37.314Z] > git config --get commit.template [2ms]
[2022-03-16T14:36:42.366Z] > git symbolic-ref --short HEAD [2ms]
[2022-03-16T14:36:42.372Z] > git for-each-ref --format=%(refname)%00%(upstream:short)%00%(objectname)%00%(upstream:track) refs/heads/master refs/remotes/master [2ms]
[2022-03-16T14:36:42.382Z] > git for-each-ref --sort -committerdate --format %(refname) %(objectname) %(*objectname) [5ms]
[2022-03-16T14:36:42.383Z] > git remote --verbose [2ms]
[2022-03-16T14:36:42.401Z] > git config --get commit.template [3ms]
[2022-03-16T14:36:47.467Z] > git symbolic-ref --short HEAD [2ms]
[2022-03-16T14:36:47.478Z] > git for-each-ref --format=%(refname)%00%(upstream:short)%00%(objectname)%00%(upstream:track) refs/heads/master refs/remotes/master [3ms]
[2022-03-16T14:36:47.495Z] > git for-each-ref --sort -committerdate --format %(refname) %(objectname) %(*objectname) [10ms]
[2022-03-16T14:36:47.498Z] > git remote --verbose [4ms]
[2022-03-16T14:36:47.534Z] > git config --get commit.template [2ms]
[2022-03-16T14:36:52.582Z] > git symbolic-ref --short HEAD [1ms]
[2022-03-16T14:36:52.588Z] > git for-each-ref --format=%(refname)%00%(upstream:short)%00%(objectname)%00%(upstream:track) refs/heads/master refs/remotes/master [1ms]
[2022-03-16T14:36:52.599Z] > git for-each-ref --sort -committerdate --format %(refname) %(objectname) %(*objectname) [5ms]
[2022-03-16T14:36:52.600Z] > git remote --verbose [2ms]
[2022-03-16T14:36:52.615Z] > git config --get commit.template [3ms]
[2022-03-16T14:36:57.660Z] > git symbolic-ref --short HEAD [1ms]
[2022-03-16T14:36:57.668Z] > git for-each-ref --format=%(refname)%00%(upstream:short)%00%(objectname)%00%(upstream:track) refs/heads/master refs/remotes/master [2ms]
[2022-03-16T14:36:57.679Z] > git for-each-ref --sort -committerdate --format %(refname) %(objectname) %(*objectname) [6ms]
[2022-03-16T14:36:57.679Z] > git remote --verbose [1ms]
[2022-03-16T14:36:57.701Z] > git config --get commit.template [5ms]
[2022-03-16T14:37:02.776Z] > git symbolic-ref --short HEAD [2ms]
[2022-03-16T14:37:02.787Z] > git for-each-ref --format=%(refname)%00%(upstream:short)%00%(objectname)%00%(upstream:track) refs/heads/master refs/remotes/master [2ms]
[2022-03-16T14:37:02.805Z] > git remote --verbose [7ms]
[2022-03-16T14:37:02.805Z] > git for-each-ref --sort -committerdate --format %(refname) %(objectname) %(*objectname) [12ms]
[2022-03-16T14:37:02.825Z] > git config --get commit.template [3ms]
[2022-03-16T14:37:07.876Z] > git symbolic-ref --short HEAD [2ms]
[2022-03-16T14:37:07.882Z] > git for-each-ref --format=%(refname)%00%(upstream:short)%00%(objectname)%00%(upstream:track) refs/heads/master refs/remotes/master [1ms]
[2022-03-16T14:37:07.893Z] > git for-each-ref --sort -committerdate --format %(refname) %(objectname) %(*objectname) [6ms]
[2022-03-16T14:37:07.893Z] > git remote --verbose [1ms]
[2022-03-16T14:37:07.911Z] > git config --get commit.template [4ms]
[2022-03-16T14:37:12.968Z] > git symbolic-ref --short HEAD [1ms]
[2022-03-16T14:37:12.975Z] > git for-each-ref --format=%(refname)%00%(upstream:short)%00%(objectname)%00%(upstream:track) refs/heads/master refs/remotes/master [1ms]
[2022-03-16T14:37:12.986Z] > git for-each-ref --sort -committerdate --format %(refname) %(objectname) %(*objectname) [6ms]
[2022-03-16T14:37:12.986Z] > git remote --verbose [1ms]
[2022-03-16T14:37:13.008Z] > git config --get commit.template [4ms]
[2022-03-16T14:37:18.091Z] > git symbolic-ref --short HEAD [3ms]
[2022-03-16T14:37:18.104Z] > git for-each-ref --format=%(refname)%00%(upstream:short)%00%(objectname)%00%(upstream:track) refs/heads/master refs/remotes/master [2ms]
[2022-03-16T14:37:18.121Z] > git for-each-ref --sort -committerdate --format %(refname) %(objectname) %(*objectname) [9ms]
[2022-03-16T14:37:18.121Z] > git remote --verbose [2ms]
[2022-03-16T14:37:18.146Z] > git config --get commit.template [3ms]
[2022-03-16T14:37:23.198Z] > git symbolic-ref --short HEAD [1ms]
[2022-03-16T14:37:23.205Z] > git for-each-ref --format=%(refname)%00%(upstream:short)%00%(objectname)%00%(upstream:track) refs/heads/master refs/remotes/master [1ms]
[2022-03-16T14:37:23.216Z] > git for-each-ref --sort -committerdate --format %(refname) %(objectname) %(*objectname) [6ms]
[2022-03-16T14:37:23.216Z] > git remote --verbose [1ms]
[2022-03-16T14:37:23.230Z] > git config --get commit.template [1ms]
[2022-03-16T14:37:28.254Z] > git symbolic-ref --short HEAD [1ms]
[2022-03-16T14:37:28.261Z] > git for-each-ref --format=%(refname)%00%(upstream:short)%00%(objectname)%00%(upstream:track) refs/heads/master refs/remotes/master [2ms]
[2022-03-16T14:37:28.274Z] > git for-each-ref --sort -committerdate --format %(refname) %(objectname) %(*objectname) [7ms]
[2022-03-16T14:37:28.275Z] > git remote --verbose [3ms]
[2022-03-16T14:37:28.297Z] > git config --get commit.template [4ms]
[2022-03-16T14:37:33.343Z] > git symbolic-ref --short HEAD [1ms]
[2022-03-16T14:37:33.350Z] > git for-each-ref --format=%(refname)%00%(upstream:short)%00%(objectname)%00%(upstream:track) refs/heads/master refs/remotes/master [2ms]
[2022-03-16T14:37:33.361Z] > git for-each-ref --sort -committerdate --format %(refname) %(objectname) %(*objectname) [6ms]
[2022-03-16T14:37:33.362Z] > git remote --verbose [2ms]
[2022-03-16T14:37:33.377Z] > git config --get commit.template [3ms]
[2022-03-16T14:37:38.415Z] > git symbolic-ref --short HEAD [1ms]
[2022-03-16T14:37:38.422Z] > git for-each-ref --format=%(refname)%00%(upstream:short)%00%(objectname)%00%(upstream:track) refs/heads/master refs/remotes/master [2ms]
[2022-03-16T14:37:38.433Z] > git for-each-ref --sort -committerdate --format %(refname) %(objectname) %(*objectname) [6ms]
[2022-03-16T14:37:38.433Z] > git remote --verbose [1ms]
[2022-03-16T14:37:38.451Z] > git config --get commit.template [6ms]
[2022-03-16T14:37:43.480Z] > git symbolic-ref --short HEAD [1ms]
[2022-03-16T14:37:43.488Z] > git for-each-ref --format=%(refname)%00%(upstream:short)%00%(objectname)%00%(upstream:track) refs/heads/master refs/remotes/master [2ms]
[2022-03-16T14:37:43.503Z] > git for-each-ref --sort -committerdate --format %(refname) %(objectname) %(*objectname) [6ms]
[2022-03-16T14:37:43.504Z] > git remote --verbose [1ms]
[2022-03-16T14:37:43.522Z] > git config --get commit.template [2ms]
[2022-03-16T14:37:48.558Z] > git symbolic-ref --short HEAD [1ms]
[2022-03-16T14:37:48.565Z] > git for-each-ref --format=%(refname)%00%(upstream:short)%00%(objectname)%00%(upstream:track) refs/heads/master refs/remotes/master [1ms]
[2022-03-16T14:37:48.577Z] > git for-each-ref --sort -committerdate --format %(refname) %(objectname) %(*objectname) [6ms]
[2022-03-16T14:37:48.578Z] > git remote --verbose [1ms]
[2022-03-16T14:37:48.595Z] > git config --get commit.template [3ms]
[2022-03-16T14:37:53.625Z] > git symbolic-ref --short HEAD [2ms]
[2022-03-16T14:37:53.633Z] > git for-each-ref --format=%(refname)%00%(upstream:short)%00%(objectname)%00%(upstream:track) refs/heads/master refs/remotes/master [2ms]
[2022-03-16T14:37:53.646Z] > git for-each-ref --sort -committerdate --format %(refname) %(objectname) %(*objectname) [6ms]
[2022-03-16T14:37:53.649Z] > git remote --verbose [4ms]
[2022-03-16T14:37:53.678Z] > git config --get commit.template [5ms]
[2022-03-16T14:37:54.857Z] > git ls-files --stage -- /opt/lampp/htdocs/Portfolio/projects.php [4ms]
[2022-03-16T14:37:54.871Z] > git cat-file -s cf6809f1faf791567d4eaaa4c9c7b684c87755df [3ms]
[2022-03-16T14:37:58.754Z] > git symbolic-ref --short HEAD [1ms]
[2022-03-16T14:37:58.761Z] > git for-each-ref --format=%(refname)%00%(upstream:short)%00%(objectname)%00%(upstream:track) refs/heads/master refs/remotes/master [2ms]
[2022-03-16T14:37:58.772Z] > git for-each-ref --sort -committerdate --format %(refname) %(objectname) %(*objectname) [6ms]
[2022-03-16T14:37:58.772Z] > git remote --verbose [1ms]
[2022-03-16T14:37:58.788Z] > git config --get commit.template [1ms]
[2022-03-16T14:38:03.824Z] > git symbolic-ref --short HEAD [2ms]
[2022-03-16T14:38:03.833Z] > git for-each-ref --format=%(refname)%00%(upstream:short)%00%(objectname)%00%(upstream:track) refs/heads/master refs/remotes/master [2ms]
[2022-03-16T14:38:03.846Z] > git for-each-ref --sort -committerdate --format %(refname) %(objectname) %(*objectname) [7ms]
[2022-03-16T14:38:03.847Z] > git remote --verbose [2ms]
[2022-03-16T14:38:03.862Z] > git config --get commit.template [1ms]
[2022-03-16T14:38:08.914Z] > git symbolic-ref --short HEAD [1ms]
[2022-03-16T14:38:08.921Z] > git for-each-ref --format=%(refname)%00%(upstream:short)%00%(objectname)%00%(upstream:track) refs/heads/master refs/remotes/master [2ms]
[2022-03-16T14:38:08.931Z] > git for-each-ref --sort -committerdate --format %(refname) %(objectname) %(*objectname) [5ms]
[2022-03-16T14:38:08.932Z] > git remote --verbose [1ms]
[2022-03-16T14:38:08.947Z] > git config --get commit.template [2ms]
[2022-03-16T14:38:11.250Z] > git ls-files --stage -- /opt/lampp/htdocs/Portfolio/projects.php [5ms]
[2022-03-16T14:38:11.266Z] > git cat-file -s cf6809f1faf791567d4eaaa4c9c7b684c87755df [2ms]
[2022-03-16T14:38:14.004Z] > git symbolic-ref --short HEAD [3ms]
[2022-03-16T14:38:14.024Z] > git for-each-ref --format=%(refname)%00%(upstream:short)%00%(objectname)%00%(upstream:track) refs/heads/master refs/remotes/master [7ms]
[2022-03-16T14:38:14.053Z] > git for-each-ref --sort -committerdate --format %(refname) %(objectname) %(*objectname) [16ms]
[2022-03-16T14:38:14.054Z] > git remote --verbose [4ms]
[2022-03-16T14:38:14.091Z] > git config --get commit.template [7ms]
[2022-03-16T14:38:19.111Z] > git symbolic-ref --short HEAD [1ms]
[2022-03-16T14:38:19.117Z] > git for-each-ref --format=%(refname)%00%(upstream:short)%00%(objectname)%00%(upstream:track) refs/heads/master refs/remotes/master [1ms]
[2022-03-16T14:38:19.127Z] > git for-each-ref --sort -committerdate --format %(refname) %(objectname) %(*objectname) [5ms]
[2022-03-16T14:38:19.128Z] > git remote --verbose [1ms]
[2022-03-16T14:38:19.137Z] > git config --get commit.template [1ms]
[2022-03-16T14:38:24.194Z] > git symbolic-ref --short HEAD [3ms]
[2022-03-16T14:38:24.203Z] > git for-each-ref --format=%(refname)%00%(upstream:short)%00%(objectname)%00%(upstream:track) refs/heads/master refs/remotes/master [2ms]
[2022-03-16T14:38:24.214Z] > git for-each-ref --sort -committerdate --format %(refname) %(objectname) %(*objectname) [6ms]
[2022-03-16T14:38:24.215Z] > git remote --verbose [2ms]
[2022-03-16T14:38:24.222Z] > git config --get commit.template [1ms]
[2022-03-16T14:38:29.528Z] > git symbolic-ref --short HEAD [2ms]
[2022-03-16T14:38:29.537Z] > git for-each-ref --format=%(refname)%00%(upstream:short)%00%(objectname)%00%(upstream:track) refs/heads/master refs/remotes/master [3ms]
[2022-03-16T14:38:29.552Z] > git for-each-ref --sort -committerdate --format %(refname) %(objectname) %(*objectname) [7ms]
[2022-03-16T14:38:29.552Z] > git remote --verbose [2ms]
[2022-03-16T14:38:29.565Z] > git config --get commit.template [2ms]
[2022-03-16T14:38:34.648Z] > git symbolic-ref --short HEAD [4ms]
[2022-03-16T14:38:34.669Z] > git for-each-ref --format=%(refname)%00%(upstream:short)%00%(objectname)%00%(upstream:track) refs/heads/master refs/remotes/master [5ms]
[2022-03-16T14:38:34.686Z] > git for-each-ref --sort -committerdate --format %(refname) %(objectname) %(*objectname) [9ms]
[2022-03-16T14:38:34.687Z] > git remote --verbose [3ms]
[2022-03-16T14:38:34.697Z] > git config --get commit.template [2ms]
[2022-03-16T14:39:17.830Z] > git symbolic-ref --short HEAD [2ms]
[2022-03-16T14:39:17.837Z] > git for-each-ref --format=%(refname)%00%(upstream:short)%00%(objectname)%00%(upstream:track) refs/heads/master refs/remotes/master [2ms]
[2022-03-16T14:39:17.851Z] > git for-each-ref --sort -committerdate --format %(refname) %(objectname) %(*objectname) [9ms]
[2022-03-16T14:39:17.851Z] > git remote --verbose [2ms]
[2022-03-16T14:39:17.863Z] > git config --get commit.template [3ms]
[2022-03-16T14:39:22.910Z] > git symbolic-ref --short HEAD [1ms]
[2022-03-16T14:39:22.916Z] > git for-each-ref --format=%(refname)%00%(upstream:short)%00%(objectname)%00%(upstream:track) refs/heads/master refs/remotes/master [2ms]
[2022-03-16T14:39:22.925Z] > git for-each-ref --sort -committerdate --format %(refname) %(objectname) %(*objectname) [5ms]
[2022-03-16T14:39:22.925Z] > git remote --verbose [1ms]
[2022-03-16T14:39:22.932Z] > git config --get commit.template [1ms]
[2022-03-16T14:39:27.973Z] > git symbolic-ref --short HEAD [1ms]
[2022-03-16T14:39:27.979Z] > git for-each-ref --format=%(refname)%00%(upstream:short)%00%(objectname)%00%(upstream:track) refs/heads/master refs/remotes/master [2ms]
[2022-03-16T14:39:27.989Z] > git for-each-ref --sort -committerdate --format %(refname) %(objectname) %(*objectname) [6ms]
[2022-03-16T14:39:27.989Z] > git remote --verbose [1ms]
[2022-03-16T14:39:27.996Z] > git config --get commit.template [1ms]
[2022-03-16T14:39:33.059Z] > git symbolic-ref --short HEAD [3ms]
[2022-03-16T14:39:33.077Z] > git for-each-ref --format=%(refname)%00%(upstream:short)%00%(objectname)%00%(upstream:track) refs/heads/master refs/remotes/master [6ms]
[2022-03-16T14:39:33.104Z] > git for-each-ref --sort -committerdate --format %(refname) %(objectname) %(*objectname) [14ms]
[2022-03-16T14:39:33.105Z] > git remote --verbose [3ms]
[2022-03-16T14:39:33.121Z] > git config --get commit.template [4ms]
[2022-03-16T14:39:36.814Z] > git ls-files --stage -- /opt/lampp/htdocs/Portfolio/projects.php [6ms]
[2022-03-16T14:39:36.831Z] > git cat-file -s cf6809f1faf791567d4eaaa4c9c7b684c87755df [5ms]
[2022-03-16T14:39:38.148Z] > git symbolic-ref --short HEAD [1ms]
[2022-03-16T14:39:38.154Z] > git for-each-ref --format=%(refname)%00%(upstream:short)%00%(objectname)%00%(upstream:track) refs/heads/master refs/remotes/master [2ms]
[2022-03-16T14:39:38.163Z] > git for-each-ref --sort -committerdate --format %(refname) %(objectname) %(*objectname) [5ms]
[2022-03-16T14:39:38.163Z] > git remote --verbose [1ms]
[2022-03-16T14:39:38.172Z] > git config --get commit.template [1ms]
