[2022-02-25T18:20:35.892Z] Validating found git in: git
[2022-02-25T18:20:35.926Z] Using git 2.25.1 from git
[2022-02-25T18:20:35.988Z] > git rev-parse --git-dir [19ms]
[2022-02-25T18:20:35.993Z] Open repository: /opt/lampp/htdocs/Portfolio
[2022-02-25T18:20:36.030Z] > git symbolic-ref --short HEAD [1ms]
[2022-02-25T18:20:36.039Z] > git for-each-ref --format=%(refname)%00%(upstream:short)%00%(objectname)%00%(upstream:track) refs/heads/master refs/remotes/master [1ms]
[2022-02-25T18:20:36.101Z] > git remote --verbose [47ms]
[2022-02-25T18:20:36.102Z] > git for-each-ref --sort -committerdate --format %(refname) %(objectname) %(*objectname) [54ms]
[2022-02-25T18:20:36.189Z] > git config --get commit.template [21ms]
[2022-02-25T18:20:38.246Z] > git symbolic-ref --short HEAD [2ms]
[2022-02-25T18:20:38.253Z] > git for-each-ref --format=%(refname)%00%(upstream:short)%00%(objectname)%00%(upstream:track) refs/heads/master refs/remotes/master [2ms]
[2022-02-25T18:20:38.264Z] > git for-each-ref --sort -committerdate --format %(refname) %(objectname) %(*objectname) [6ms]
[2022-02-25T18:20:38.265Z] > git remote --verbose [2ms]
[2022-02-25T18:20:38.277Z] > git config --get commit.template [2ms]
[2022-02-25T18:20:43.298Z] > git symbolic-ref --short HEAD [1ms]
[2022-02-25T18:20:43.305Z] > git for-each-ref --format=%(refname)%00%(upstream:short)%00%(objectname)%00%(upstream:track) refs/heads/master refs/remotes/master [1ms]
[2022-02-25T18:20:43.318Z] > git for-each-ref --sort -committerdate --format %(refname) %(objectname) %(*objectname) [7ms]
[2022-02-25T18:20:43.318Z] > git remote --verbose [1ms]
[2022-02-25T18:20:43.328Z] > git config --get commit.template [1ms]
[2022-02-25T18:20:50.803Z] > git symbolic-ref --short HEAD [2ms]
[2022-02-25T18:20:50.811Z] > git for-each-ref --format=%(refname)%00%(upstream:short)%00%(objectname)%00%(upstream:track) refs/heads/master refs/remotes/master [2ms]
[2022-02-25T18:20:50.823Z] > git for-each-ref --sort -committerdate --format %(refname) %(objectname) %(*objectname) [7ms]
[2022-02-25T18:20:50.824Z] > git remote --verbose [2ms]
[2022-02-25T18:20:50.849Z] > git config --get commit.template [2ms]
[2022-02-25T18:22:17.197Z] > git symbolic-ref --short HEAD [2ms]
[2022-02-25T18:22:17.207Z] > git for-each-ref --format=%(refname)%00%(upstream:short)%00%(objectname)%00%(upstream:track) refs/heads/master refs/remotes/master [1ms]
[2022-02-25T18:22:17.226Z] > git for-each-ref --sort -committerdate --format %(refname) %(objectname) %(*objectname) [12ms]
[2022-02-25T18:22:17.227Z] > git remote --verbose [4ms]
[2022-02-25T18:22:17.247Z] > git config --get commit.template [2ms]
[2022-02-25T18:22:22.268Z] > git symbolic-ref --short HEAD [2ms]
[2022-02-25T18:22:22.275Z] > git for-each-ref --format=%(refname)%00%(upstream:short)%00%(objectname)%00%(upstream:track) refs/heads/master refs/remotes/master [2ms]
[2022-02-25T18:22:22.285Z] > git for-each-ref --sort -committerdate --format %(refname) %(objectname) %(*objectname) [6ms]
[2022-02-25T18:22:22.286Z] > git remote --verbose [2ms]
[2022-02-25T18:22:22.299Z] > git config --get commit.template [1ms]
[2022-02-25T18:22:31.868Z] > git symbolic-ref --short HEAD [3ms]
[2022-02-25T18:22:31.881Z] > git for-each-ref --format=%(refname)%00%(upstream:short)%00%(objectname)%00%(upstream:track) refs/heads/master refs/remotes/master [5ms]
[2022-02-25T18:22:31.898Z] > git remote --verbose [3ms]
[2022-02-25T18:22:31.898Z] > git for-each-ref --sort -committerdate --format %(refname) %(objectname) %(*objectname) [9ms]
[2022-02-25T18:22:31.919Z] > git config --get commit.template [4ms]
[2022-02-25T18:22:36.938Z] > git symbolic-ref --short HEAD [1ms]
[2022-02-25T18:22:36.944Z] > git for-each-ref --format=%(refname)%00%(upstream:short)%00%(objectname)%00%(upstream:track) refs/heads/master refs/remotes/master [1ms]
[2022-02-25T18:22:36.954Z] > git for-each-ref --sort -committerdate --format %(refname) %(objectname) %(*objectname) [6ms]
[2022-02-25T18:22:36.954Z] > git remote --verbose [1ms]
[2022-02-25T18:22:36.971Z] > git config --get commit.template [2ms]
[2022-02-25T18:22:56.279Z] > git symbolic-ref --short HEAD [1ms]
[2022-02-25T18:22:56.287Z] > git for-each-ref --format=%(refname)%00%(upstream:short)%00%(objectname)%00%(upstream:track) refs/heads/master refs/remotes/master [1ms]
[2022-02-25T18:22:56.297Z] > git for-each-ref --sort -committerdate --format %(refname) %(objectname) %(*objectname) [6ms]
[2022-02-25T18:22:56.298Z] > git remote --verbose [3ms]
[2022-02-25T18:22:56.315Z] > git config --get commit.template [2ms]
[2022-02-25T18:23:01.340Z] > git symbolic-ref --short HEAD [2ms]
[2022-02-25T18:23:01.345Z] > git for-each-ref --format=%(refname)%00%(upstream:short)%00%(objectname)%00%(upstream:track) refs/heads/master refs/remotes/master [2ms]
[2022-02-25T18:23:01.353Z] > git for-each-ref --sort -committerdate --format %(refname) %(objectname) %(*objectname) [5ms]
[2022-02-25T18:23:01.354Z] > git remote --verbose [2ms]
[2022-02-25T18:23:01.365Z] > git config --get commit.template [1ms]
[2022-02-25T18:23:06.387Z] > git symbolic-ref --short HEAD [4ms]
[2022-02-25T18:23:06.395Z] > git for-each-ref --format=%(refname)%00%(upstream:short)%00%(objectname)%00%(upstream:track) refs/heads/master refs/remotes/master [2ms]
[2022-02-25T18:23:06.407Z] > git for-each-ref --sort -committerdate --format %(refname) %(objectname) %(*objectname) [6ms]
[2022-02-25T18:23:06.409Z] > git remote --verbose [3ms]
[2022-02-25T18:23:06.439Z] > git config --get commit.template [2ms]
[2022-02-25T18:23:06.485Z] > git ls-files --stage -- /opt/lampp/htdocs/Portfolio/projects.php [15ms]
[2022-02-25T18:23:06.495Z] > git cat-file -s d3b76fd4f2316b2e5be8ffdeb400cab3f8504a0d [4ms]
[2022-02-25T18:23:11.468Z] > git symbolic-ref --short HEAD [3ms]
[2022-02-25T18:23:11.480Z] > git for-each-ref --format=%(refname)%00%(upstream:short)%00%(objectname)%00%(upstream:track) refs/heads/master refs/remotes/master [3ms]
[2022-02-25T18:23:11.499Z] > git for-each-ref --sort -committerdate --format %(refname) %(objectname) %(*objectname) [10ms]
[2022-02-25T18:23:11.500Z] > git remote --verbose [3ms]
[2022-02-25T18:23:11.527Z] > git config --get commit.template [2ms]
[2022-02-25T18:23:18.867Z] > git log --format=%H%n%aN%n%aE%n%at%n%ct%n%P%n%B -z -n21 -- /opt/lampp/htdocs/Portfolio/projects.php [6ms]
[2022-02-25T18:23:21.295Z] > git symbolic-ref --short HEAD [2ms]
[2022-02-25T18:23:21.303Z] > git for-each-ref --format=%(refname)%00%(upstream:short)%00%(objectname)%00%(upstream:track) refs/heads/master refs/remotes/master [2ms]
[2022-02-25T18:23:21.313Z] > git for-each-ref --sort -committerdate --format %(refname) %(objectname) %(*objectname) [5ms]
[2022-02-25T18:23:21.313Z] > git remote --verbose [1ms]
[2022-02-25T18:23:21.607Z] > git config --get commit.template [2ms]
[2022-02-25T18:23:35.619Z] > git symbolic-ref --short HEAD [1ms]
[2022-02-25T18:23:35.627Z] > git for-each-ref --format=%(refname)%00%(upstream:short)%00%(objectname)%00%(upstream:track) refs/heads/master refs/remotes/master [2ms]
[2022-02-25T18:23:35.637Z] > git for-each-ref --sort -committerdate --format %(refname) %(objectname) %(*objectname) [5ms]
[2022-02-25T18:23:35.637Z] > git remote --verbose [1ms]
[2022-02-25T18:23:35.658Z] > git config --get commit.template [1ms]
[2022-02-25T18:23:40.684Z] > git symbolic-ref --short HEAD [1ms]
[2022-02-25T18:23:40.690Z] > git for-each-ref --format=%(refname)%00%(upstream:short)%00%(objectname)%00%(upstream:track) refs/heads/master refs/remotes/master [1ms]
[2022-02-25T18:23:40.699Z] > git for-each-ref --sort -committerdate --format %(refname) %(objectname) %(*objectname) [5ms]
[2022-02-25T18:23:40.700Z] > git remote --verbose [1ms]
[2022-02-25T18:23:40.713Z] > git config --get commit.template [1ms]
[2022-02-25T18:23:45.732Z] > git symbolic-ref --short HEAD [1ms]
[2022-02-25T18:23:45.739Z] > git for-each-ref --format=%(refname)%00%(upstream:short)%00%(objectname)%00%(upstream:track) refs/heads/master refs/remotes/master [1ms]
[2022-02-25T18:23:45.750Z] > git for-each-ref --sort -committerdate --format %(refname) %(objectname) %(*objectname) [7ms]
[2022-02-25T18:23:45.751Z] > git remote --verbose [3ms]
[2022-02-25T18:23:45.774Z] > git config --get commit.template [1ms]
[2022-02-25T18:23:50.823Z] > git symbolic-ref --short HEAD [2ms]
[2022-02-25T18:23:50.832Z] > git for-each-ref --format=%(refname)%00%(upstream:short)%00%(objectname)%00%(upstream:track) refs/heads/master refs/remotes/master [2ms]
[2022-02-25T18:23:50.845Z] > git for-each-ref --sort -committerdate --format %(refname) %(objectname) %(*objectname) [7ms]
[2022-02-25T18:23:50.845Z] > git remote --verbose [1ms]
[2022-02-25T18:23:50.861Z] > git config --get commit.template [2ms]
[2022-02-25T18:23:55.909Z] > git symbolic-ref --short HEAD [2ms]
[2022-02-25T18:23:55.919Z] > git for-each-ref --format=%(refname)%00%(upstream:short)%00%(objectname)%00%(upstream:track) refs/heads/master refs/remotes/master [2ms]
[2022-02-25T18:23:55.933Z] > git for-each-ref --sort -committerdate --format %(refname) %(objectname) %(*objectname) [7ms]
[2022-02-25T18:23:55.934Z] > git remote --verbose [2ms]
[2022-02-25T18:23:55.958Z] > git config --get commit.template [2ms]
[2022-02-25T18:24:57.588Z] > git symbolic-ref --short HEAD [1ms]
[2022-02-25T18:24:57.597Z] > git for-each-ref --format=%(refname)%00%(upstream:short)%00%(objectname)%00%(upstream:track) refs/heads/master refs/remotes/master [2ms]
[2022-02-25T18:24:57.610Z] > git for-each-ref --sort -committerdate --format %(refname) %(objectname) %(*objectname) [7ms]
[2022-02-25T18:24:57.610Z] > git remote --verbose [1ms]
[2022-02-25T18:24:57.626Z] > git config --get commit.template [1ms]
[2022-02-25T18:25:02.652Z] > git symbolic-ref --short HEAD [2ms]
[2022-02-25T18:25:02.661Z] > git for-each-ref --format=%(refname)%00%(upstream:short)%00%(objectname)%00%(upstream:track) refs/heads/master refs/remotes/master [2ms]
[2022-02-25T18:25:02.675Z] > git for-each-ref --sort -committerdate --format %(refname) %(objectname) %(*objectname) [7ms]
[2022-02-25T18:25:02.676Z] > git remote --verbose [2ms]
[2022-02-25T18:25:02.697Z] > git config --get commit.template [1ms]
[2022-02-25T18:25:07.718Z] > git symbolic-ref --short HEAD [1ms]
[2022-02-25T18:25:07.724Z] > git for-each-ref --format=%(refname)%00%(upstream:short)%00%(objectname)%00%(upstream:track) refs/heads/master refs/remotes/master [1ms]
[2022-02-25T18:25:07.735Z] > git for-each-ref --sort -committerdate --format %(refname) %(objectname) %(*objectname) [6ms]
[2022-02-25T18:25:07.735Z] > git remote --verbose [1ms]
[2022-02-25T18:25:07.753Z] > git config --get commit.template [1ms]
[2022-02-25T18:25:12.778Z] > git symbolic-ref --short HEAD [2ms]
[2022-02-25T18:25:12.785Z] > git for-each-ref --format=%(refname)%00%(upstream:short)%00%(objectname)%00%(upstream:track) refs/heads/master refs/remotes/master [2ms]
[2022-02-25T18:25:12.796Z] > git for-each-ref --sort -committerdate --format %(refname) %(objectname) %(*objectname) [6ms]
[2022-02-25T18:25:12.797Z] > git remote --verbose [2ms]
[2022-02-25T18:25:12.824Z] > git config --get commit.template [8ms]
[2022-02-25T18:25:17.866Z] > git symbolic-ref --short HEAD [2ms]
[2022-02-25T18:25:17.872Z] > git for-each-ref --format=%(refname)%00%(upstream:short)%00%(objectname)%00%(upstream:track) refs/heads/master refs/remotes/master [1ms]
[2022-02-25T18:25:17.881Z] > git for-each-ref --sort -committerdate --format %(refname) %(objectname) %(*objectname) [5ms]
[2022-02-25T18:25:17.882Z] > git remote --verbose [1ms]
[2022-02-25T18:25:17.895Z] > git config --get commit.template [1ms]
[2022-02-25T18:25:22.946Z] > git symbolic-ref --short HEAD [2ms]
[2022-02-25T18:25:22.952Z] > git for-each-ref --format=%(refname)%00%(upstream:short)%00%(objectname)%00%(upstream:track) refs/heads/master refs/remotes/master [1ms]
[2022-02-25T18:25:22.962Z] > git for-each-ref --sort -committerdate --format %(refname) %(objectname) %(*objectname) [5ms]
[2022-02-25T18:25:22.963Z] > git remote --verbose [1ms]
[2022-02-25T18:25:22.976Z] > git config --get commit.template [1ms]
[2022-02-25T18:25:29.204Z] > git symbolic-ref --short HEAD [3ms]
[2022-02-25T18:25:29.218Z] > git for-each-ref --format=%(refname)%00%(upstream:short)%00%(objectname)%00%(upstream:track) refs/heads/master refs/remotes/master [4ms]
[2022-02-25T18:25:29.244Z] > git for-each-ref --sort -committerdate --format %(refname) %(objectname) %(*objectname) [13ms]
[2022-02-25T18:25:29.245Z] > git remote --verbose [2ms]
[2022-02-25T18:25:29.275Z] > git config --get commit.template [5ms]
[2022-02-25T18:25:34.298Z] > git symbolic-ref --short HEAD [1ms]
[2022-02-25T18:25:34.304Z] > git for-each-ref --format=%(refname)%00%(upstream:short)%00%(objectname)%00%(upstream:track) refs/heads/master refs/remotes/master [1ms]
[2022-02-25T18:25:34.315Z] > git for-each-ref --sort -committerdate --format %(refname) %(objectname) %(*objectname) [6ms]
[2022-02-25T18:25:34.315Z] > git remote --verbose [1ms]
[2022-02-25T18:25:34.328Z] > git config --get commit.template [1ms]
[2022-02-25T18:25:39.354Z] > git symbolic-ref --short HEAD [1ms]
[2022-02-25T18:25:39.360Z] > git for-each-ref --format=%(refname)%00%(upstream:short)%00%(objectname)%00%(upstream:track) refs/heads/master refs/remotes/master [1ms]
[2022-02-25T18:25:39.370Z] > git for-each-ref --sort -committerdate --format %(refname) %(objectname) %(*objectname) [5ms]
[2022-02-25T18:25:39.371Z] > git remote --verbose [1ms]
[2022-02-25T18:25:39.385Z] > git config --get commit.template [1ms]
[2022-02-25T18:25:44.445Z] > git symbolic-ref --short HEAD [5ms]
[2022-02-25T18:25:44.462Z] > git for-each-ref --format=%(refname)%00%(upstream:short)%00%(objectname)%00%(upstream:track) refs/heads/master refs/remotes/master [3ms]
[2022-02-25T18:25:44.482Z] > git for-each-ref --sort -committerdate --format %(refname) %(objectname) %(*objectname) [11ms]
[2022-02-25T18:25:44.483Z] > git remote --verbose [3ms]
[2022-02-25T18:25:44.504Z] > git config --get commit.template [2ms]
[2022-02-25T18:26:06.063Z] > git symbolic-ref --short HEAD [2ms]
[2022-02-25T18:26:06.069Z] > git for-each-ref --format=%(refname)%00%(upstream:short)%00%(objectname)%00%(upstream:track) refs/heads/master refs/remotes/master [2ms]
[2022-02-25T18:26:06.081Z] > git for-each-ref --sort -committerdate --format %(refname) %(objectname) %(*objectname) [8ms]
[2022-02-25T18:26:06.083Z] > git remote --verbose [2ms]
[2022-02-25T18:26:06.099Z] > git config --get commit.template [2ms]
[2022-02-25T18:26:11.156Z] > git symbolic-ref --short HEAD [4ms]
[2022-02-25T18:26:11.167Z] > git for-each-ref --format=%(refname)%00%(upstream:short)%00%(objectname)%00%(upstream:track) refs/heads/master refs/remotes/master [3ms]
[2022-02-25T18:26:11.181Z] > git for-each-ref --sort -committerdate --format %(refname) %(objectname) %(*objectname) [7ms]
[2022-02-25T18:26:11.181Z] > git remote --verbose [2ms]
[2022-02-25T18:26:11.200Z] > git config --get commit.template [1ms]
[2022-02-25T18:26:16.244Z] > git symbolic-ref --short HEAD [1ms]
[2022-02-25T18:26:16.250Z] > git for-each-ref --format=%(refname)%00%(upstream:short)%00%(objectname)%00%(upstream:track) refs/heads/master refs/remotes/master [1ms]
[2022-02-25T18:26:16.260Z] > git for-each-ref --sort -committerdate --format %(refname) %(objectname) %(*objectname) [6ms]
[2022-02-25T18:26:16.260Z] > git remote --verbose [1ms]
[2022-02-25T18:26:16.272Z] > git config --get commit.template [1ms]
[2022-02-25T18:26:27.988Z] > git symbolic-ref --short HEAD [2ms]
[2022-02-25T18:26:27.996Z] > git for-each-ref --format=%(refname)%00%(upstream:short)%00%(objectname)%00%(upstream:track) refs/heads/master refs/remotes/master [1ms]
[2022-02-25T18:26:28.011Z] > git for-each-ref --sort -committerdate --format %(refname) %(objectname) %(*objectname) [7ms]
[2022-02-25T18:26:28.013Z] > git remote --verbose [3ms]
[2022-02-25T18:26:28.040Z] > git config --get commit.template [7ms]
[2022-02-25T18:26:33.088Z] > git symbolic-ref --short HEAD [2ms]
[2022-02-25T18:26:33.095Z] > git for-each-ref --format=%(refname)%00%(upstream:short)%00%(objectname)%00%(upstream:track) refs/heads/master refs/remotes/master [1ms]
[2022-02-25T18:26:33.106Z] > git for-each-ref --sort -committerdate --format %(refname) %(objectname) %(*objectname) [6ms]
[2022-02-25T18:26:33.106Z] > git remote --verbose [1ms]
[2022-02-25T18:26:33.119Z] > git config --get commit.template [1ms]
[2022-02-25T18:26:38.144Z] > git symbolic-ref --short HEAD [2ms]
[2022-02-25T18:26:38.151Z] > git for-each-ref --format=%(refname)%00%(upstream:short)%00%(objectname)%00%(upstream:track) refs/heads/master refs/remotes/master [1ms]
[2022-02-25T18:26:38.164Z] > git for-each-ref --sort -committerdate --format %(refname) %(objectname) %(*objectname) [7ms]
[2022-02-25T18:26:38.164Z] > git remote --verbose [1ms]
[2022-02-25T18:26:38.187Z] > git config --get commit.template [3ms]
[2022-02-25T18:26:43.211Z] > git symbolic-ref --short HEAD [2ms]
[2022-02-25T18:26:43.218Z] > git for-each-ref --format=%(refname)%00%(upstream:short)%00%(objectname)%00%(upstream:track) refs/heads/master refs/remotes/master [1ms]
[2022-02-25T18:26:43.231Z] > git for-each-ref --sort -committerdate --format %(refname) %(objectname) %(*objectname) [7ms]
[2022-02-25T18:26:43.231Z] > git remote --verbose [1ms]
[2022-02-25T18:26:43.248Z] > git config --get commit.template [2ms]
[2022-02-25T18:26:48.269Z] > git symbolic-ref --short HEAD [1ms]
[2022-02-25T18:26:48.276Z] > git for-each-ref --format=%(refname)%00%(upstream:short)%00%(objectname)%00%(upstream:track) refs/heads/master refs/remotes/master [2ms]
[2022-02-25T18:26:48.287Z] > git for-each-ref --sort -committerdate --format %(refname) %(objectname) %(*objectname) [6ms]
[2022-02-25T18:26:48.288Z] > git remote --verbose [2ms]
[2022-02-25T18:26:48.304Z] > git config --get commit.template [1ms]
[2022-02-25T18:26:53.357Z] > git symbolic-ref --short HEAD [2ms]
[2022-02-25T18:26:53.366Z] > git for-each-ref --format=%(refname)%00%(upstream:short)%00%(objectname)%00%(upstream:track) refs/heads/master refs/remotes/master [2ms]
[2022-02-25T18:26:53.378Z] > git for-each-ref --sort -committerdate --format %(refname) %(objectname) %(*objectname) [6ms]
[2022-02-25T18:26:53.379Z] > git remote --verbose [1ms]
[2022-02-25T18:26:53.392Z] > git config --get commit.template [1ms]
[2022-02-25T18:27:06.687Z] > git symbolic-ref --short HEAD [2ms]
[2022-02-25T18:27:06.695Z] > git for-each-ref --format=%(refname)%00%(upstream:short)%00%(objectname)%00%(upstream:track) refs/heads/master refs/remotes/master [2ms]
[2022-02-25T18:27:06.710Z] > git for-each-ref --sort -committerdate --format %(refname) %(objectname) %(*objectname) [9ms]
[2022-02-25T18:27:06.711Z] > git remote --verbose [2ms]
[2022-02-25T18:27:06.724Z] > git config --get commit.template [2ms]
[2022-02-25T18:27:11.752Z] > git symbolic-ref --short HEAD [2ms]
[2022-02-25T18:27:11.760Z] > git for-each-ref --format=%(refname)%00%(upstream:short)%00%(objectname)%00%(upstream:track) refs/heads/master refs/remotes/master [2ms]
[2022-02-25T18:27:11.774Z] > git for-each-ref --sort -committerdate --format %(refname) %(objectname) %(*objectname) [7ms]
[2022-02-25T18:27:11.775Z] > git remote --verbose [2ms]
[2022-02-25T18:27:11.794Z] > git config --get commit.template [1ms]
[2022-02-25T18:27:16.817Z] > git symbolic-ref --short HEAD [1ms]
[2022-02-25T18:27:16.823Z] > git for-each-ref --format=%(refname)%00%(upstream:short)%00%(objectname)%00%(upstream:track) refs/heads/master refs/remotes/master [1ms]
[2022-02-25T18:27:16.834Z] > git for-each-ref --sort -committerdate --format %(refname) %(objectname) %(*objectname) [6ms]
[2022-02-25T18:27:16.834Z] > git remote --verbose [1ms]
[2022-02-25T18:27:16.848Z] > git config --get commit.template [2ms]
[2022-02-25T18:27:21.872Z] > git symbolic-ref --short HEAD [2ms]
[2022-02-25T18:27:21.879Z] > git for-each-ref --format=%(refname)%00%(upstream:short)%00%(objectname)%00%(upstream:track) refs/heads/master refs/remotes/master [1ms]
[2022-02-25T18:27:21.892Z] > git for-each-ref --sort -committerdate --format %(refname) %(objectname) %(*objectname) [7ms]
[2022-02-25T18:27:21.892Z] > git remote --verbose [1ms]
[2022-02-25T18:27:21.911Z] > git config --get commit.template [3ms]
[2022-02-25T18:27:26.962Z] > git symbolic-ref --short HEAD [2ms]
[2022-02-25T18:27:26.970Z] > git for-each-ref --format=%(refname)%00%(upstream:short)%00%(objectname)%00%(upstream:track) refs/heads/master refs/remotes/master [1ms]
[2022-02-25T18:27:26.981Z] > git for-each-ref --sort -committerdate --format %(refname) %(objectname) %(*objectname) [5ms]
[2022-02-25T18:27:26.982Z] > git remote --verbose [1ms]
[2022-02-25T18:27:26.997Z] > git config --get commit.template [4ms]
[2022-02-25T18:27:38.320Z] > git symbolic-ref --short HEAD [2ms]
[2022-02-25T18:27:38.332Z] > git for-each-ref --format=%(refname)%00%(upstream:short)%00%(objectname)%00%(upstream:track) refs/heads/master refs/remotes/master [1ms]
[2022-02-25T18:27:38.347Z] > git for-each-ref --sort -committerdate --format %(refname) %(objectname) %(*objectname) [9ms]
[2022-02-25T18:27:38.347Z] > git remote --verbose [1ms]
[2022-02-25T18:27:38.369Z] > git config --get commit.template [1ms]
[2022-02-25T18:27:43.392Z] > git symbolic-ref --short HEAD [1ms]
[2022-02-25T18:27:43.399Z] > git for-each-ref --format=%(refname)%00%(upstream:short)%00%(objectname)%00%(upstream:track) refs/heads/master refs/remotes/master [2ms]
[2022-02-25T18:27:43.411Z] > git for-each-ref --sort -committerdate --format %(refname) %(objectname) %(*objectname) [6ms]
[2022-02-25T18:27:43.411Z] > git remote --verbose [1ms]
[2022-02-25T18:27:43.425Z] > git config --get commit.template [2ms]
[2022-02-25T18:28:11.371Z] > git symbolic-ref --short HEAD [1ms]
[2022-02-25T18:28:11.381Z] > git for-each-ref --format=%(refname)%00%(upstream:short)%00%(objectname)%00%(upstream:track) refs/heads/master refs/remotes/master [1ms]
[2022-02-25T18:28:11.396Z] > git remote --verbose [0ms]
[2022-02-25T18:28:11.397Z] > git for-each-ref --sort -committerdate --format %(refname) %(objectname) %(*objectname) [8ms]
[2022-02-25T18:28:11.412Z] > git config --get commit.template [1ms]
[2022-02-25T18:28:16.464Z] > git symbolic-ref --short HEAD [2ms]
[2022-02-25T18:28:16.470Z] > git for-each-ref --format=%(refname)%00%(upstream:short)%00%(objectname)%00%(upstream:track) refs/heads/master refs/remotes/master [2ms]
[2022-02-25T18:28:16.479Z] > git for-each-ref --sort -committerdate --format %(refname) %(objectname) %(*objectname) [5ms]
[2022-02-25T18:28:16.480Z] > git remote --verbose [1ms]
[2022-02-25T18:28:16.493Z] > git config --get commit.template [2ms]
[2022-02-25T18:28:21.536Z] > git symbolic-ref --short HEAD [2ms]
[2022-02-25T18:28:21.543Z] > git for-each-ref --format=%(refname)%00%(upstream:short)%00%(objectname)%00%(upstream:track) refs/heads/master refs/remotes/master [2ms]
[2022-02-25T18:28:21.554Z] > git remote --verbose [1ms]
[2022-02-25T18:28:21.554Z] > git for-each-ref --sort -committerdate --format %(refname) %(objectname) %(*objectname) [7ms]
[2022-02-25T18:28:21.567Z] > git config --get commit.template [2ms]
[2022-02-25T18:28:26.626Z] > git symbolic-ref --short HEAD [5ms]
[2022-02-25T18:28:26.643Z] > git for-each-ref --format=%(refname)%00%(upstream:short)%00%(objectname)%00%(upstream:track) refs/heads/master refs/remotes/master [4ms]
[2022-02-25T18:28:26.670Z] > git for-each-ref --sort -committerdate --format %(refname) %(objectname) %(*objectname) [14ms]
[2022-02-25T18:28:26.671Z] > git remote --verbose [3ms]
[2022-02-25T18:28:26.693Z] > git config --get commit.template [2ms]
[2022-02-25T18:28:36.439Z] > git symbolic-ref --short HEAD [1ms]
[2022-02-25T18:28:36.447Z] > git for-each-ref --format=%(refname)%00%(upstream:short)%00%(objectname)%00%(upstream:track) refs/heads/master refs/remotes/master [2ms]
[2022-02-25T18:28:36.461Z] > git for-each-ref --sort -committerdate --format %(refname) %(objectname) %(*objectname) [6ms]
[2022-02-25T18:28:36.462Z] > git remote --verbose [1ms]
[2022-02-25T18:28:36.478Z] > git config --get commit.template [3ms]
[2022-02-25T18:28:41.501Z] > git symbolic-ref --short HEAD [1ms]
[2022-02-25T18:28:41.507Z] > git for-each-ref --format=%(refname)%00%(upstream:short)%00%(objectname)%00%(upstream:track) refs/heads/master refs/remotes/master [1ms]
[2022-02-25T18:28:41.516Z] > git for-each-ref --sort -committerdate --format %(refname) %(objectname) %(*objectname) [5ms]
[2022-02-25T18:28:41.517Z] > git remote --verbose [1ms]
[2022-02-25T18:28:41.530Z] > git config --get commit.template [1ms]
[2022-02-25T18:28:43.119Z] > git ls-files --stage -- /opt/lampp/htdocs/Portfolio/projects.php [3ms]
[2022-02-25T18:28:43.128Z] > git cat-file -s d3b76fd4f2316b2e5be8ffdeb400cab3f8504a0d [2ms]
[2022-02-25T18:28:46.557Z] > git symbolic-ref --short HEAD [2ms]
[2022-02-25T18:28:46.562Z] > git for-each-ref --format=%(refname)%00%(upstream:short)%00%(objectname)%00%(upstream:track) refs/heads/master refs/remotes/master [1ms]
[2022-02-25T18:28:46.573Z] > git for-each-ref --sort -committerdate --format %(refname) %(objectname) %(*objectname) [6ms]
[2022-02-25T18:28:46.573Z] > git remote --verbose [1ms]
[2022-02-25T18:28:46.588Z] > git config --get commit.template [4ms]
[2022-02-25T18:28:51.616Z] > git symbolic-ref --short HEAD [2ms]
[2022-02-25T18:28:51.626Z] > git for-each-ref --format=%(refname)%00%(upstream:short)%00%(objectname)%00%(upstream:track) refs/heads/master refs/remotes/master [3ms]
[2022-02-25T18:28:51.641Z] > git for-each-ref --sort -committerdate --format %(refname) %(objectname) %(*objectname) [8ms]
[2022-02-25T18:28:51.641Z] > git remote --verbose [1ms]
[2022-02-25T18:28:51.659Z] > git config --get commit.template [2ms]
[2022-02-25T18:28:56.717Z] > git symbolic-ref --short HEAD [2ms]
[2022-02-25T18:28:56.725Z] > git for-each-ref --format=%(refname)%00%(upstream:short)%00%(objectname)%00%(upstream:track) refs/heads/master refs/remotes/master [2ms]
[2022-02-25T18:28:56.736Z] > git for-each-ref --sort -committerdate --format %(refname) %(objectname) %(*objectname) [6ms]
[2022-02-25T18:28:56.737Z] > git remote --verbose [2ms]
[2022-02-25T18:28:56.750Z] > git config --get commit.template [2ms]
[2022-02-25T18:29:03.930Z] > git symbolic-ref --short HEAD [2ms]
[2022-02-25T18:29:03.947Z] > git for-each-ref --format=%(refname)%00%(upstream:short)%00%(objectname)%00%(upstream:track) refs/heads/master refs/remotes/master [5ms]
[2022-02-25T18:29:03.962Z] > git for-each-ref --sort -committerdate --format %(refname) %(objectname) %(*objectname) [9ms]
[2022-02-25T18:29:03.963Z] > git remote --verbose [3ms]
[2022-02-25T18:29:04.006Z] > git config --get commit.template [18ms]
[2022-02-25T18:29:17.959Z] > git symbolic-ref --short HEAD [1ms]
[2022-02-25T18:29:17.966Z] > git for-each-ref --format=%(refname)%00%(upstream:short)%00%(objectname)%00%(upstream:track) refs/heads/master refs/remotes/master [2ms]
[2022-02-25T18:29:17.980Z] > git for-each-ref --sort -committerdate --format %(refname) %(objectname) %(*objectname) [8ms]
[2022-02-25T18:29:17.980Z] > git remote --verbose [1ms]
[2022-02-25T18:29:17.999Z] > git config --get commit.template [1ms]
[2022-02-25T18:29:22.365Z] > git ls-files --stage -- /opt/lampp/htdocs/Portfolio/projects.php [3ms]
[2022-02-25T18:29:22.382Z] > git cat-file -s d3b76fd4f2316b2e5be8ffdeb400cab3f8504a0d [4ms]
[2022-02-25T18:29:23.043Z] > git symbolic-ref --short HEAD [1ms]
[2022-02-25T18:29:23.050Z] > git for-each-ref --format=%(refname)%00%(upstream:short)%00%(objectname)%00%(upstream:track) refs/heads/master refs/remotes/master [2ms]
[2022-02-25T18:29:23.060Z] > git for-each-ref --sort -committerdate --format %(refname) %(objectname) %(*objectname) [6ms]
[2022-02-25T18:29:23.060Z] > git remote --verbose [1ms]
[2022-02-25T18:29:23.075Z] > git config --get commit.template [2ms]
[2022-02-25T18:29:33.807Z] > git symbolic-ref --short HEAD [1ms]
[2022-02-25T18:29:33.814Z] > git for-each-ref --format=%(refname)%00%(upstream:short)%00%(objectname)%00%(upstream:track) refs/heads/master refs/remotes/master [2ms]
[2022-02-25T18:29:33.828Z] > git for-each-ref --sort -committerdate --format %(refname) %(objectname) %(*objectname) [8ms]
[2022-02-25T18:29:33.829Z] > git remote --verbose [2ms]
[2022-02-25T18:29:33.844Z] > git config --get commit.template [1ms]
[2022-02-25T18:29:38.899Z] > git symbolic-ref --short HEAD [2ms]
[2022-02-25T18:29:38.908Z] > git for-each-ref --format=%(refname)%00%(upstream:short)%00%(objectname)%00%(upstream:track) refs/heads/master refs/remotes/master [2ms]
[2022-02-25T18:29:38.920Z] > git for-each-ref --sort -committerdate --format %(refname) %(objectname) %(*objectname) [6ms]
[2022-02-25T18:29:38.920Z] > git remote --verbose [1ms]
[2022-02-25T18:29:38.934Z] > git config --get commit.template [1ms]
[2022-02-25T18:29:43.983Z] > git symbolic-ref --short HEAD [1ms]
[2022-02-25T18:29:43.990Z] > git for-each-ref --format=%(refname)%00%(upstream:short)%00%(objectname)%00%(upstream:track) refs/heads/master refs/remotes/master [1ms]
[2022-02-25T18:29:43.999Z] > git for-each-ref --sort -committerdate --format %(refname) %(objectname) %(*objectname) [5ms]
[2022-02-25T18:29:44.000Z] > git remote --verbose [1ms]
[2022-02-25T18:29:44.014Z] > git config --get commit.template [2ms]
[2022-02-25T18:29:49.039Z] > git symbolic-ref --short HEAD [1ms]
[2022-02-25T18:29:49.045Z] > git for-each-ref --format=%(refname)%00%(upstream:short)%00%(objectname)%00%(upstream:track) refs/heads/master refs/remotes/master [2ms]
[2022-02-25T18:29:49.055Z] > git for-each-ref --sort -committerdate --format %(refname) %(objectname) %(*objectname) [6ms]
[2022-02-25T18:29:49.055Z] > git remote --verbose [1ms]
[2022-02-25T18:29:49.068Z] > git config --get commit.template [2ms]
[2022-02-25T18:29:54.091Z] > git symbolic-ref --short HEAD [1ms]
[2022-02-25T18:29:54.097Z] > git for-each-ref --format=%(refname)%00%(upstream:short)%00%(objectname)%00%(upstream:track) refs/heads/master refs/remotes/master [1ms]
[2022-02-25T18:29:54.108Z] > git for-each-ref --sort -committerdate --format %(refname) %(objectname) %(*objectname) [6ms]
[2022-02-25T18:29:54.108Z] > git remote --verbose [1ms]
[2022-02-25T18:29:54.121Z] > git config --get commit.template [2ms]
[2022-02-25T18:29:59.145Z] > git symbolic-ref --short HEAD [1ms]
[2022-02-25T18:29:59.153Z] > git for-each-ref --format=%(refname)%00%(upstream:short)%00%(objectname)%00%(upstream:track) refs/heads/master refs/remotes/master [1ms]
[2022-02-25T18:29:59.166Z] > git for-each-ref --sort -committerdate --format %(refname) %(objectname) %(*objectname) [7ms]
[2022-02-25T18:29:59.166Z] > git remote --verbose [1ms]
[2022-02-25T18:29:59.179Z] > git config --get commit.template [1ms]
[2022-02-25T18:30:06.036Z] > git symbolic-ref --short HEAD [2ms]
[2022-02-25T18:30:06.044Z] > git for-each-ref --format=%(refname)%00%(upstream:short)%00%(objectname)%00%(upstream:track) refs/heads/master refs/remotes/master [2ms]
[2022-02-25T18:30:06.057Z] > git for-each-ref --sort -committerdate --format %(refname) %(objectname) %(*objectname) [5ms]
[2022-02-25T18:30:06.058Z] > git remote --verbose [1ms]
[2022-02-25T18:30:06.076Z] > git config --get commit.template [2ms]
[2022-02-25T18:30:11.105Z] > git symbolic-ref --short HEAD [1ms]
[2022-02-25T18:30:11.112Z] > git for-each-ref --format=%(refname)%00%(upstream:short)%00%(objectname)%00%(upstream:track) refs/heads/master refs/remotes/master [2ms]
[2022-02-25T18:30:11.122Z] > git for-each-ref --sort -committerdate --format %(refname) %(objectname) %(*objectname) [6ms]
[2022-02-25T18:30:11.122Z] > git remote --verbose [1ms]
[2022-02-25T18:30:11.135Z] > git config --get commit.template [1ms]
[2022-02-25T18:30:16.191Z] > git symbolic-ref --short HEAD [2ms]
[2022-02-25T18:30:16.200Z] > git for-each-ref --format=%(refname)%00%(upstream:short)%00%(objectname)%00%(upstream:track) refs/heads/master refs/remotes/master [2ms]
[2022-02-25T18:30:16.210Z] > git for-each-ref --sort -committerdate --format %(refname) %(objectname) %(*objectname) [5ms]
[2022-02-25T18:30:16.211Z] > git remote --verbose [1ms]
[2022-02-25T18:30:16.224Z] > git config --get commit.template [2ms]
[2022-02-25T18:30:21.273Z] > git symbolic-ref --short HEAD [1ms]
[2022-02-25T18:30:21.280Z] > git for-each-ref --format=%(refname)%00%(upstream:short)%00%(objectname)%00%(upstream:track) refs/heads/master refs/remotes/master [2ms]
[2022-02-25T18:30:21.290Z] > git for-each-ref --sort -committerdate --format %(refname) %(objectname) %(*objectname) [5ms]
[2022-02-25T18:30:21.290Z] > git remote --verbose [1ms]
[2022-02-25T18:30:21.304Z] > git config --get commit.template [1ms]
[2022-02-25T18:30:26.332Z] > git symbolic-ref --short HEAD [2ms]
[2022-02-25T18:30:26.339Z] > git for-each-ref --format=%(refname)%00%(upstream:short)%00%(objectname)%00%(upstream:track) refs/heads/master refs/remotes/master [2ms]
[2022-02-25T18:30:26.353Z] > git for-each-ref --sort -committerdate --format %(refname) %(objectname) %(*objectname) [8ms]
[2022-02-25T18:30:26.353Z] > git remote --verbose [1ms]
[2022-02-25T18:30:26.369Z] > git config --get commit.template [2ms]
[2022-02-25T18:30:31.410Z] > git symbolic-ref --short HEAD [2ms]
[2022-02-25T18:30:31.418Z] > git for-each-ref --format=%(refname)%00%(upstream:short)%00%(objectname)%00%(upstream:track) refs/heads/master refs/remotes/master [1ms]
[2022-02-25T18:30:31.433Z] > git for-each-ref --sort -committerdate --format %(refname) %(objectname) %(*objectname) [9ms]
[2022-02-25T18:30:31.434Z] > git remote --verbose [2ms]
[2022-02-25T18:30:31.455Z] > git config --get commit.template [1ms]
[2022-02-25T18:30:36.494Z] > git symbolic-ref --short HEAD [2ms]
[2022-02-25T18:30:36.504Z] > git for-each-ref --format=%(refname)%00%(upstream:short)%00%(objectname)%00%(upstream:track) refs/heads/master refs/remotes/master [2ms]
[2022-02-25T18:30:36.520Z] > git for-each-ref --sort -committerdate --format %(refname) %(objectname) %(*objectname) [9ms]
[2022-02-25T18:30:36.521Z] > git remote --verbose [2ms]
[2022-02-25T18:30:36.537Z] > git config --get commit.template [2ms]
[2022-02-25T18:30:41.564Z] > git symbolic-ref --short HEAD [1ms]
[2022-02-25T18:30:41.572Z] > git for-each-ref --format=%(refname)%00%(upstream:short)%00%(objectname)%00%(upstream:track) refs/heads/master refs/remotes/master [2ms]
[2022-02-25T18:30:41.584Z] > git for-each-ref --sort -committerdate --format %(refname) %(objectname) %(*objectname) [6ms]
[2022-02-25T18:30:41.585Z] > git remote --verbose [2ms]
[2022-02-25T18:30:41.606Z] > git config --get commit.template [1ms]
[2022-02-25T18:30:46.653Z] > git symbolic-ref --short HEAD [1ms]
[2022-02-25T18:30:46.660Z] > git for-each-ref --format=%(refname)%00%(upstream:short)%00%(objectname)%00%(upstream:track) refs/heads/master refs/remotes/master [1ms]
[2022-02-25T18:30:46.670Z] > git for-each-ref --sort -committerdate --format %(refname) %(objectname) %(*objectname) [5ms]
[2022-02-25T18:30:46.670Z] > git remote --verbose [1ms]
[2022-02-25T18:30:46.683Z] > git config --get commit.template [1ms]
[2022-02-25T18:30:51.743Z] > git symbolic-ref --short HEAD [2ms]
[2022-02-25T18:30:51.752Z] > git for-each-ref --format=%(refname)%00%(upstream:short)%00%(objectname)%00%(upstream:track) refs/heads/master refs/remotes/master [2ms]
[2022-02-25T18:30:51.765Z] > git for-each-ref --sort -committerdate --format %(refname) %(objectname) %(*objectname) [7ms]
[2022-02-25T18:30:51.765Z] > git remote --verbose [1ms]
[2022-02-25T18:30:51.780Z] > git config --get commit.template [2ms]
[2022-02-25T18:30:56.802Z] > git symbolic-ref --short HEAD [2ms]
[2022-02-25T18:30:56.809Z] > git for-each-ref --format=%(refname)%00%(upstream:short)%00%(objectname)%00%(upstream:track) refs/heads/master refs/remotes/master [2ms]
[2022-02-25T18:30:56.822Z] > git for-each-ref --sort -committerdate --format %(refname) %(objectname) %(*objectname) [8ms]
[2022-02-25T18:30:56.823Z] > git remote --verbose [2ms]
[2022-02-25T18:30:56.847Z] > git config --get commit.template [2ms]
[2022-02-25T18:30:57.450Z] > git ls-files --stage -- /opt/lampp/htdocs/Portfolio/projects.php [4ms]
[2022-02-25T18:30:57.471Z] > git cat-file -s d3b76fd4f2316b2e5be8ffdeb400cab3f8504a0d [4ms]
[2022-02-25T18:31:01.899Z] > git symbolic-ref --short HEAD [1ms]
[2022-02-25T18:31:01.906Z] > git for-each-ref --format=%(refname)%00%(upstream:short)%00%(objectname)%00%(upstream:track) refs/heads/master refs/remotes/master [1ms]
[2022-02-25T18:31:01.916Z] > git for-each-ref --sort -committerdate --format %(refname) %(objectname) %(*objectname) [5ms]
[2022-02-25T18:31:01.917Z] > git remote --verbose [1ms]
[2022-02-25T18:31:01.930Z] > git config --get commit.template [2ms]
[2022-02-25T18:31:13.690Z] > git symbolic-ref --short HEAD [2ms]
[2022-02-25T18:31:13.698Z] > git for-each-ref --format=%(refname)%00%(upstream:short)%00%(objectname)%00%(upstream:track) refs/heads/master refs/remotes/master [3ms]
[2022-02-25T18:31:13.709Z] > git for-each-ref --sort -committerdate --format %(refname) %(objectname) %(*objectname) [6ms]
[2022-02-25T18:31:13.709Z] > git remote --verbose [1ms]
[2022-02-25T18:31:13.727Z] > git config --get commit.template [2ms]
[2022-02-25T18:31:18.773Z] > git symbolic-ref --short HEAD [2ms]
[2022-02-25T18:31:18.779Z] > git for-each-ref --format=%(refname)%00%(upstream:short)%00%(objectname)%00%(upstream:track) refs/heads/master refs/remotes/master [1ms]
[2022-02-25T18:31:18.789Z] > git for-each-ref --sort -committerdate --format %(refname) %(objectname) %(*objectname) [5ms]
[2022-02-25T18:31:18.790Z] > git remote --verbose [1ms]
[2022-02-25T18:31:18.803Z] > git config --get commit.template [2ms]
[2022-02-25T18:31:23.855Z] > git symbolic-ref --short HEAD [2ms]
[2022-02-25T18:31:23.863Z] > git for-each-ref --format=%(refname)%00%(upstream:short)%00%(objectname)%00%(upstream:track) refs/heads/master refs/remotes/master [2ms]
[2022-02-25T18:31:23.874Z] > git for-each-ref --sort -committerdate --format %(refname) %(objectname) %(*objectname) [6ms]
[2022-02-25T18:31:23.874Z] > git remote --verbose [1ms]
[2022-02-25T18:31:23.888Z] > git config --get commit.template [1ms]
[2022-02-25T18:31:28.919Z] > git symbolic-ref --short HEAD [1ms]
[2022-02-25T18:31:28.925Z] > git for-each-ref --format=%(refname)%00%(upstream:short)%00%(objectname)%00%(upstream:track) refs/heads/master refs/remotes/master [1ms]
[2022-02-25T18:31:28.935Z] > git for-each-ref --sort -committerdate --format %(refname) %(objectname) %(*objectname) [5ms]
[2022-02-25T18:31:28.936Z] > git remote --verbose [1ms]
[2022-02-25T18:31:28.951Z] > git config --get commit.template [2ms]
[2022-02-25T18:31:34.009Z] > git symbolic-ref --short HEAD [1ms]
[2022-02-25T18:31:34.016Z] > git for-each-ref --format=%(refname)%00%(upstream:short)%00%(objectname)%00%(upstream:track) refs/heads/master refs/remotes/master [1ms]
[2022-02-25T18:31:34.027Z] > git for-each-ref --sort -committerdate --format %(refname) %(objectname) %(*objectname) [6ms]
[2022-02-25T18:31:34.027Z] > git remote --verbose [1ms]
[2022-02-25T18:31:34.041Z] > git config --get commit.template [1ms]
[2022-02-25T18:31:39.072Z] > git symbolic-ref --short HEAD [1ms]
[2022-02-25T18:31:39.078Z] > git for-each-ref --format=%(refname)%00%(upstream:short)%00%(objectname)%00%(upstream:track) refs/heads/master refs/remotes/master [1ms]
[2022-02-25T18:31:39.091Z] > git for-each-ref --sort -committerdate --format %(refname) %(objectname) %(*objectname) [7ms]
[2022-02-25T18:31:39.092Z] > git remote --verbose [1ms]
[2022-02-25T18:31:39.106Z] > git config --get commit.template [1ms]
[2022-02-25T18:31:49.604Z] > git symbolic-ref --short HEAD [1ms]
[2022-02-25T18:31:49.612Z] > git for-each-ref --format=%(refname)%00%(upstream:short)%00%(objectname)%00%(upstream:track) refs/heads/master refs/remotes/master [2ms]
[2022-02-25T18:31:49.627Z] > git for-each-ref --sort -committerdate --format %(refname) %(objectname) %(*objectname) [9ms]
[2022-02-25T18:31:49.627Z] > git remote --verbose [1ms]
[2022-02-25T18:31:49.644Z] > git config --get commit.template [1ms]
[2022-02-25T18:31:54.702Z] > git symbolic-ref --short HEAD [1ms]
[2022-02-25T18:31:54.708Z] > git for-each-ref --format=%(refname)%00%(upstream:short)%00%(objectname)%00%(upstream:track) refs/heads/master refs/remotes/master [1ms]
[2022-02-25T18:31:54.721Z] > git for-each-ref --sort -committerdate --format %(refname) %(objectname) %(*objectname) [7ms]
[2022-02-25T18:31:54.721Z] > git remote --verbose [1ms]
[2022-02-25T18:31:54.738Z] > git config --get commit.template [2ms]
[2022-02-25T18:32:12.371Z] > git symbolic-ref --short HEAD [1ms]
[2022-02-25T18:32:12.379Z] > git for-each-ref --format=%(refname)%00%(upstream:short)%00%(objectname)%00%(upstream:track) refs/heads/master refs/remotes/master [3ms]
[2022-02-25T18:32:12.392Z] > git for-each-ref --sort -committerdate --format %(refname) %(objectname) %(*objectname) [8ms]
[2022-02-25T18:32:12.392Z] > git remote --verbose [1ms]
[2022-02-25T18:32:12.409Z] > git config --get commit.template [1ms]
[2022-02-25T18:32:17.483Z] > git symbolic-ref --short HEAD [2ms]
[2022-02-25T18:32:17.493Z] > git for-each-ref --format=%(refname)%00%(upstream:short)%00%(objectname)%00%(upstream:track) refs/heads/master refs/remotes/master [3ms]
[2022-02-25T18:32:17.507Z] > git for-each-ref --sort -committerdate --format %(refname) %(objectname) %(*objectname) [7ms]
[2022-02-25T18:32:17.507Z] > git remote --verbose [1ms]
[2022-02-25T18:32:17.526Z] > git config --get commit.template [1ms]
[2022-02-25T18:33:12.291Z] > git symbolic-ref --short HEAD [3ms]
[2022-02-25T18:33:12.305Z] > git for-each-ref --format=%(refname)%00%(upstream:short)%00%(objectname)%00%(upstream:track) refs/heads/master refs/remotes/master [4ms]
[2022-02-25T18:33:12.320Z] > git for-each-ref --sort -committerdate --format %(refname) %(objectname) %(*objectname) [8ms]
[2022-02-25T18:33:12.320Z] > git remote --verbose [1ms]
[2022-02-25T18:33:12.358Z] > git config --get commit.template [12ms]
[2022-02-25T18:33:17.402Z] > git symbolic-ref --short HEAD [1ms]
[2022-02-25T18:33:17.409Z] > git for-each-ref --format=%(refname)%00%(upstream:short)%00%(objectname)%00%(upstream:track) refs/heads/master refs/remotes/master [1ms]
[2022-02-25T18:33:17.419Z] > git for-each-ref --sort -committerdate --format %(refname) %(objectname) %(*objectname) [5ms]
[2022-02-25T18:33:17.420Z] > git remote --verbose [2ms]
[2022-02-25T18:33:17.439Z] > git config --get commit.template [2ms]
[2022-02-25T18:33:22.465Z] > git symbolic-ref --short HEAD [2ms]
[2022-02-25T18:33:22.471Z] > git for-each-ref --format=%(refname)%00%(upstream:short)%00%(objectname)%00%(upstream:track) refs/heads/master refs/remotes/master [2ms]
[2022-02-25T18:33:22.481Z] > git for-each-ref --sort -committerdate --format %(refname) %(objectname) %(*objectname) [5ms]
[2022-02-25T18:33:22.482Z] > git remote --verbose [1ms]
[2022-02-25T18:33:22.496Z] > git config --get commit.template [2ms]
[2022-02-25T18:33:48.216Z] > git symbolic-ref --short HEAD [3ms]
[2022-02-25T18:33:48.225Z] > git for-each-ref --format=%(refname)%00%(upstream:short)%00%(objectname)%00%(upstream:track) refs/heads/master refs/remotes/master [2ms]
[2022-02-25T18:33:48.237Z] > git for-each-ref --sort -committerdate --format %(refname) %(objectname) %(*objectname) [7ms]
[2022-02-25T18:33:48.238Z] > git remote --verbose [2ms]
[2022-02-25T18:33:48.258Z] > git config --get commit.template [4ms]
[2022-02-25T18:33:53.312Z] > git symbolic-ref --short HEAD [1ms]
[2022-02-25T18:33:53.320Z] > git for-each-ref --format=%(refname)%00%(upstream:short)%00%(objectname)%00%(upstream:track) refs/heads/master refs/remotes/master [2ms]
[2022-02-25T18:33:53.330Z] > git for-each-ref --sort -committerdate --format %(refname) %(objectname) %(*objectname) [5ms]
[2022-02-25T18:33:53.331Z] > git remote --verbose [1ms]
[2022-02-25T18:33:53.345Z] > git config --get commit.template [1ms]
[2022-02-25T18:33:58.375Z] > git symbolic-ref --short HEAD [1ms]
[2022-02-25T18:33:58.383Z] > git for-each-ref --format=%(refname)%00%(upstream:short)%00%(objectname)%00%(upstream:track) refs/heads/master refs/remotes/master [2ms]
[2022-02-25T18:33:58.398Z] > git remote --verbose [1ms]
[2022-02-25T18:33:58.398Z] > git for-each-ref --sort -committerdate --format %(refname) %(objectname) %(*objectname) [10ms]
[2022-02-25T18:33:58.417Z] > git config --get commit.template [2ms]
[2022-02-25T18:34:03.473Z] > git symbolic-ref --short HEAD [2ms]
[2022-02-25T18:34:03.479Z] > git for-each-ref --format=%(refname)%00%(upstream:short)%00%(objectname)%00%(upstream:track) refs/heads/master refs/remotes/master [1ms]
[2022-02-25T18:34:03.490Z] > git for-each-ref --sort -committerdate --format %(refname) %(objectname) %(*objectname) [6ms]
[2022-02-25T18:34:03.491Z] > git remote --verbose [1ms]
[2022-02-25T18:34:03.505Z] > git config --get commit.template [2ms]
[2022-02-25T18:34:08.539Z] > git symbolic-ref --short HEAD [2ms]
[2022-02-25T18:34:08.549Z] > git for-each-ref --format=%(refname)%00%(upstream:short)%00%(objectname)%00%(upstream:track) refs/heads/master refs/remotes/master [2ms]
[2022-02-25T18:34:08.562Z] > git for-each-ref --sort -committerdate --format %(refname) %(objectname) %(*objectname) [8ms]
[2022-02-25T18:34:08.562Z] > git remote --verbose [1ms]
[2022-02-25T18:34:08.587Z] > git config --get commit.template [5ms]
[2022-02-25T18:34:13.642Z] > git symbolic-ref --short HEAD [2ms]
[2022-02-25T18:34:13.652Z] > git for-each-ref --format=%(refname)%00%(upstream:short)%00%(objectname)%00%(upstream:track) refs/heads/master refs/remotes/master [2ms]
[2022-02-25T18:34:13.665Z] > git for-each-ref --sort -committerdate --format %(refname) %(objectname) %(*objectname) [7ms]
[2022-02-25T18:34:13.666Z] > git remote --verbose [1ms]
[2022-02-25T18:34:13.680Z] > git config --get commit.template [1ms]
[2022-02-25T18:34:51.956Z] > git symbolic-ref --short HEAD [2ms]
[2022-02-25T18:34:51.966Z] > git for-each-ref --format=%(refname)%00%(upstream:short)%00%(objectname)%00%(upstream:track) refs/heads/master refs/remotes/master [2ms]
[2022-02-25T18:34:51.982Z] > git for-each-ref --sort -committerdate --format %(refname) %(objectname) %(*objectname) [7ms]
[2022-02-25T18:34:51.982Z] > git remote --verbose [1ms]
[2022-02-25T18:34:52.001Z] > git config --get commit.template [4ms]
[2022-02-25T18:35:11.394Z] > git symbolic-ref --short HEAD [2ms]
[2022-02-25T18:35:11.400Z] > git for-each-ref --format=%(refname)%00%(upstream:short)%00%(objectname)%00%(upstream:track) refs/heads/master refs/remotes/master [1ms]
[2022-02-25T18:35:11.415Z] > git for-each-ref --sort -committerdate --format %(refname) %(objectname) %(*objectname) [9ms]
[2022-02-25T18:35:11.416Z] > git remote --verbose [2ms]
[2022-02-25T18:35:11.433Z] > git config --get commit.template [1ms]
[2022-02-25T18:35:16.486Z] > git symbolic-ref --short HEAD [3ms]
[2022-02-25T18:35:16.493Z] > git for-each-ref --format=%(refname)%00%(upstream:short)%00%(objectname)%00%(upstream:track) refs/heads/master refs/remotes/master [2ms]
[2022-02-25T18:35:16.505Z] > git for-each-ref --sort -committerdate --format %(refname) %(objectname) %(*objectname) [7ms]
[2022-02-25T18:35:16.506Z] > git remote --verbose [2ms]
[2022-02-25T18:35:16.529Z] > git config --get commit.template [2ms]
[2022-02-25T18:35:21.577Z] > git symbolic-ref --short HEAD [2ms]
[2022-02-25T18:35:21.583Z] > git for-each-ref --format=%(refname)%00%(upstream:short)%00%(objectname)%00%(upstream:track) refs/heads/master refs/remotes/master [1ms]
[2022-02-25T18:35:21.593Z] > git for-each-ref --sort -committerdate --format %(refname) %(objectname) %(*objectname) [5ms]
[2022-02-25T18:35:21.594Z] > git remote --verbose [1ms]
[2022-02-25T18:35:21.607Z] > git config --get commit.template [2ms]
[2022-02-25T18:35:26.635Z] > git symbolic-ref --short HEAD [2ms]
[2022-02-25T18:35:26.645Z] > git for-each-ref --format=%(refname)%00%(upstream:short)%00%(objectname)%00%(upstream:track) refs/heads/master refs/remotes/master [3ms]
[2022-02-25T18:35:26.660Z] > git for-each-ref --sort -committerdate --format %(refname) %(objectname) %(*objectname) [8ms]
[2022-02-25T18:35:26.661Z] > git remote --verbose [2ms]
[2022-02-25T18:35:26.683Z] > git config --get commit.template [1ms]
[2022-02-25T18:35:31.728Z] > git symbolic-ref --short HEAD [1ms]
[2022-02-25T18:35:31.735Z] > git for-each-ref --format=%(refname)%00%(upstream:short)%00%(objectname)%00%(upstream:track) refs/heads/master refs/remotes/master [2ms]
[2022-02-25T18:35:31.747Z] > git for-each-ref --sort -committerdate --format %(refname) %(objectname) %(*objectname) [6ms]
[2022-02-25T18:35:31.747Z] > git remote --verbose [1ms]
[2022-02-25T18:35:31.765Z] > git config --get commit.template [2ms]
[2022-02-25T18:36:26.672Z] > git symbolic-ref --short HEAD [1ms]
[2022-02-25T18:36:26.682Z] > git for-each-ref --format=%(refname)%00%(upstream:short)%00%(objectname)%00%(upstream:track) refs/heads/master refs/remotes/master [1ms]
[2022-02-25T18:36:26.694Z] > git for-each-ref --sort -committerdate --format %(refname) %(objectname) %(*objectname) [6ms]
[2022-02-25T18:36:26.695Z] > git remote --verbose [1ms]
[2022-02-25T18:36:26.714Z] > git config --get commit.template [4ms]
[2022-02-25T18:36:31.380Z] > git ls-files --stage -- /opt/lampp/htdocs/Portfolio/projects.php [2ms]
[2022-02-25T18:36:31.391Z] > git cat-file -s d3b76fd4f2316b2e5be8ffdeb400cab3f8504a0d [2ms]
[2022-02-25T18:36:31.761Z] > git symbolic-ref --short HEAD [2ms]
[2022-02-25T18:36:31.767Z] > git for-each-ref --format=%(refname)%00%(upstream:short)%00%(objectname)%00%(upstream:track) refs/heads/master refs/remotes/master [1ms]
[2022-02-25T18:36:31.778Z] > git for-each-ref --sort -committerdate --format %(refname) %(objectname) %(*objectname) [6ms]
[2022-02-25T18:36:31.778Z] > git remote --verbose [1ms]
[2022-02-25T18:36:31.794Z] > git config --get commit.template [1ms]
[2022-02-25T18:36:36.831Z] > git symbolic-ref --short HEAD [4ms]
[2022-02-25T18:36:36.840Z] > git for-each-ref --format=%(refname)%00%(upstream:short)%00%(objectname)%00%(upstream:track) refs/heads/master refs/remotes/master [1ms]
[2022-02-25T18:36:36.855Z] > git for-each-ref --sort -committerdate --format %(refname) %(objectname) %(*objectname) [8ms]
[2022-02-25T18:36:36.856Z] > git remote --verbose [2ms]
[2022-02-25T18:36:36.889Z] > git config --get commit.template [2ms]
[2022-02-25T18:36:41.913Z] > git symbolic-ref --short HEAD [1ms]
[2022-02-25T18:36:41.923Z] > git for-each-ref --format=%(refname)%00%(upstream:short)%00%(objectname)%00%(upstream:track) refs/heads/master refs/remotes/master [2ms]
[2022-02-25T18:36:41.934Z] > git for-each-ref --sort -committerdate --format %(refname) %(objectname) %(*objectname) [6ms]
[2022-02-25T18:36:41.934Z] > git remote --verbose [1ms]
[2022-02-25T18:36:41.957Z] > git config --get commit.template [2ms]
[2022-02-25T18:36:47.005Z] > git symbolic-ref --short HEAD [2ms]
[2022-02-25T18:36:47.012Z] > git for-each-ref --format=%(refname)%00%(upstream:short)%00%(objectname)%00%(upstream:track) refs/heads/master refs/remotes/master [1ms]
[2022-02-25T18:36:47.024Z] > git for-each-ref --sort -committerdate --format %(refname) %(objectname) %(*objectname) [6ms]
[2022-02-25T18:36:47.025Z] > git remote --verbose [2ms]
[2022-02-25T18:36:47.040Z] > git config --get commit.template [1ms]
[2022-02-25T18:36:52.065Z] > git symbolic-ref --short HEAD [1ms]
[2022-02-25T18:36:52.073Z] > git for-each-ref --format=%(refname)%00%(upstream:short)%00%(objectname)%00%(upstream:track) refs/heads/master refs/remotes/master [2ms]
[2022-02-25T18:36:52.087Z] > git for-each-ref --sort -committerdate --format %(refname) %(objectname) %(*objectname) [8ms]
[2022-02-25T18:36:52.088Z] > git remote --verbose [3ms]
[2022-02-25T18:36:52.105Z] > git config --get commit.template [1ms]
[2022-02-25T18:36:57.155Z] > git symbolic-ref --short HEAD [2ms]
[2022-02-25T18:36:57.162Z] > git for-each-ref --format=%(refname)%00%(upstream:short)%00%(objectname)%00%(upstream:track) refs/heads/master refs/remotes/master [2ms]
[2022-02-25T18:36:57.173Z] > git for-each-ref --sort -committerdate --format %(refname) %(objectname) %(*objectname) [6ms]
[2022-02-25T18:36:57.173Z] > git remote --verbose [1ms]
[2022-02-25T18:36:57.192Z] > git config --get commit.template [5ms]
[2022-02-25T18:37:02.233Z] > git symbolic-ref --short HEAD [2ms]
[2022-02-25T18:37:02.242Z] > git for-each-ref --format=%(refname)%00%(upstream:short)%00%(objectname)%00%(upstream:track) refs/heads/master refs/remotes/master [2ms]
[2022-02-25T18:37:02.254Z] > git for-each-ref --sort -committerdate --format %(refname) %(objectname) %(*objectname) [7ms]
[2022-02-25T18:37:02.254Z] > git remote --verbose [1ms]
[2022-02-25T18:37:02.273Z] > git config --get commit.template [3ms]
[2022-02-25T18:37:07.307Z] > git symbolic-ref --short HEAD [1ms]
[2022-02-25T18:37:07.314Z] > git for-each-ref --format=%(refname)%00%(upstream:short)%00%(objectname)%00%(upstream:track) refs/heads/master refs/remotes/master [1ms]
[2022-02-25T18:37:07.325Z] > git for-each-ref --sort -committerdate --format %(refname) %(objectname) %(*objectname) [6ms]
[2022-02-25T18:37:07.326Z] > git remote --verbose [2ms]
[2022-02-25T18:37:07.344Z] > git config --get commit.template [3ms]
[2022-02-25T18:38:00.361Z] > git symbolic-ref --short HEAD [2ms]
[2022-02-25T18:38:00.370Z] > git for-each-ref --format=%(refname)%00%(upstream:short)%00%(objectname)%00%(upstream:track) refs/heads/master refs/remotes/master [2ms]
[2022-02-25T18:38:00.384Z] > git for-each-ref --sort -committerdate --format %(refname) %(objectname) %(*objectname) [9ms]
[2022-02-25T18:38:00.385Z] > git remote --verbose [2ms]
[2022-02-25T18:38:00.404Z] > git config --get commit.template [4ms]
[2022-02-25T18:38:25.932Z] > git symbolic-ref --short HEAD [2ms]
[2022-02-25T18:38:25.942Z] > git for-each-ref --format=%(refname)%00%(upstream:short)%00%(objectname)%00%(upstream:track) refs/heads/master refs/remotes/master [2ms]
[2022-02-25T18:38:25.960Z] > git for-each-ref --sort -committerdate --format %(refname) %(objectname) %(*objectname) [10ms]
[2022-02-25T18:38:25.961Z] > git remote --verbose [3ms]
[2022-02-25T18:38:25.987Z] > git config --get commit.template [2ms]
[2022-02-25T18:38:31.043Z] > git symbolic-ref --short HEAD [2ms]
[2022-02-25T18:38:31.052Z] > git for-each-ref --format=%(refname)%00%(upstream:short)%00%(objectname)%00%(upstream:track) refs/heads/master refs/remotes/master [2ms]
[2022-02-25T18:38:31.064Z] > git for-each-ref --sort -committerdate --format %(refname) %(objectname) %(*objectname) [6ms]
[2022-02-25T18:38:31.064Z] > git remote --verbose [1ms]
[2022-02-25T18:38:31.079Z] > git config --get commit.template [1ms]
[2022-02-25T18:38:35.474Z] > git ls-files --stage -- /opt/lampp/htdocs/Portfolio/projects.php [1ms]
[2022-02-25T18:38:35.480Z] > git cat-file -s d3b76fd4f2316b2e5be8ffdeb400cab3f8504a0d [1ms]
[2022-02-25T18:38:36.130Z] > git symbolic-ref --short HEAD [1ms]
[2022-02-25T18:38:36.137Z] > git for-each-ref --format=%(refname)%00%(upstream:short)%00%(objectname)%00%(upstream:track) refs/heads/master refs/remotes/master [1ms]
[2022-02-25T18:38:36.147Z] > git for-each-ref --sort -committerdate --format %(refname) %(objectname) %(*objectname) [5ms]
[2022-02-25T18:38:36.148Z] > git remote --verbose [0ms]
[2022-02-25T18:38:36.165Z] > git config --get commit.template [3ms]
[2022-02-25T18:38:41.186Z] > git symbolic-ref --short HEAD [1ms]
[2022-02-25T18:38:41.192Z] > git for-each-ref --format=%(refname)%00%(upstream:short)%00%(objectname)%00%(upstream:track) refs/heads/master refs/remotes/master [1ms]
[2022-02-25T18:38:41.203Z] > git for-each-ref --sort -committerdate --format %(refname) %(objectname) %(*objectname) [6ms]
[2022-02-25T18:38:41.203Z] > git remote --verbose [1ms]
[2022-02-25T18:38:41.217Z] > git config --get commit.template [1ms]
[2022-02-25T18:39:07.818Z] > git symbolic-ref --short HEAD [1ms]
[2022-02-25T18:39:07.832Z] > git for-each-ref --format=%(refname)%00%(upstream:short)%00%(objectname)%00%(upstream:track) refs/heads/master refs/remotes/master [5ms]
[2022-02-25T18:39:07.846Z] > git for-each-ref --sort -committerdate --format %(refname) %(objectname) %(*objectname) [8ms]
[2022-02-25T18:39:07.847Z] > git remote --verbose [2ms]
[2022-02-25T18:39:07.875Z] > git config --get commit.template [11ms]
[2022-02-25T18:39:12.898Z] > git symbolic-ref --short HEAD [2ms]
[2022-02-25T18:39:12.904Z] > git for-each-ref --format=%(refname)%00%(upstream:short)%00%(objectname)%00%(upstream:track) refs/heads/master refs/remotes/master [1ms]
[2022-02-25T18:39:12.915Z] > git for-each-ref --sort -committerdate --format %(refname) %(objectname) %(*objectname) [6ms]
[2022-02-25T18:39:12.915Z] > git remote --verbose [1ms]
[2022-02-25T18:39:12.931Z] > git config --get commit.template [1ms]
[2022-02-25T18:39:17.959Z] > git symbolic-ref --short HEAD [2ms]
[2022-02-25T18:39:17.966Z] > git for-each-ref --format=%(refname)%00%(upstream:short)%00%(objectname)%00%(upstream:track) refs/heads/master refs/remotes/master [2ms]
[2022-02-25T18:39:17.978Z] > git for-each-ref --sort -committerdate --format %(refname) %(objectname) %(*objectname) [7ms]
[2022-02-25T18:39:17.978Z] > git remote --verbose [2ms]
[2022-02-25T18:39:18.005Z] > git config --get commit.template [2ms]
[2022-02-25T18:39:48.753Z] > git symbolic-ref --short HEAD [5ms]
[2022-02-25T18:39:48.763Z] > git for-each-ref --format=%(refname)%00%(upstream:short)%00%(objectname)%00%(upstream:track) refs/heads/master refs/remotes/master [3ms]
[2022-02-25T18:39:48.780Z] > git remote --verbose [1ms]
[2022-02-25T18:39:48.781Z] > git for-each-ref --sort -committerdate --format %(refname) %(objectname) %(*objectname) [11ms]
[2022-02-25T18:39:48.804Z] > git config --get commit.template [2ms]
[2022-02-25T18:39:55.963Z] > git symbolic-ref --short HEAD [2ms]
[2022-02-25T18:39:55.974Z] > git for-each-ref --format=%(refname)%00%(upstream:short)%00%(objectname)%00%(upstream:track) refs/heads/master refs/remotes/master [3ms]
[2022-02-25T18:39:55.998Z] > git for-each-ref --sort -committerdate --format %(refname) %(objectname) %(*objectname) [8ms]
[2022-02-25T18:39:55.999Z] > git remote --verbose [2ms]
[2022-02-25T18:39:56.028Z] > git config --get commit.template [2ms]
[2022-02-25T18:39:58.752Z] > git ls-files --stage -- /opt/lampp/htdocs/Portfolio/projects.php [1ms]
[2022-02-25T18:39:58.759Z] > git cat-file -s d3b76fd4f2316b2e5be8ffdeb400cab3f8504a0d [1ms]
[2022-02-25T18:40:01.083Z] > git symbolic-ref --short HEAD [2ms]
[2022-02-25T18:40:01.091Z] > git for-each-ref --format=%(refname)%00%(upstream:short)%00%(objectname)%00%(upstream:track) refs/heads/master refs/remotes/master [2ms]
[2022-02-25T18:40:01.101Z] > git for-each-ref --sort -committerdate --format %(refname) %(objectname) %(*objectname) [5ms]
[2022-02-25T18:40:01.101Z] > git remote --verbose [1ms]
[2022-02-25T18:40:01.116Z] > git config --get commit.template [2ms]
[2022-02-25T18:41:05.491Z] > git symbolic-ref --short HEAD [3ms]
[2022-02-25T18:41:05.498Z] > git for-each-ref --format=%(refname)%00%(upstream:short)%00%(objectname)%00%(upstream:track) refs/heads/master refs/remotes/master [2ms]
[2022-02-25T18:41:05.508Z] > git for-each-ref --sort -committerdate --format %(refname) %(objectname) %(*objectname) [5ms]
[2022-02-25T18:41:05.509Z] > git remote --verbose [1ms]
[2022-02-25T18:41:05.525Z] > git config --get commit.template [1ms]
[2022-02-25T18:41:10.580Z] > git symbolic-ref --short HEAD [2ms]
[2022-02-25T18:41:10.589Z] > git for-each-ref --format=%(refname)%00%(upstream:short)%00%(objectname)%00%(upstream:track) refs/heads/master refs/remotes/master [2ms]
[2022-02-25T18:41:10.601Z] > git for-each-ref --sort -committerdate --format %(refname) %(objectname) %(*objectname) [6ms]
[2022-02-25T18:41:10.602Z] > git remote --verbose [1ms]
[2022-02-25T18:41:10.618Z] > git config --get commit.template [2ms]
[2022-02-25T18:41:15.692Z] > git symbolic-ref --short HEAD [4ms]
[2022-02-25T18:41:15.711Z] > git for-each-ref --format=%(refname)%00%(upstream:short)%00%(objectname)%00%(upstream:track) refs/heads/master refs/remotes/master [5ms]
[2022-02-25T18:41:15.742Z] > git for-each-ref --sort -committerdate --format %(refname) %(objectname) %(*objectname) [15ms]
[2022-02-25T18:41:15.743Z] > git remote --verbose [4ms]
[2022-02-25T18:41:15.774Z] > git config --get commit.template [2ms]
[2022-02-25T18:41:19.010Z] > git ls-files --stage -- /opt/lampp/htdocs/Portfolio/projects.php [2ms]
[2022-02-25T18:41:19.016Z] > git cat-file -s d3b76fd4f2316b2e5be8ffdeb400cab3f8504a0d [1ms]
[2022-02-25T18:41:20.853Z] > git symbolic-ref --short HEAD [5ms]
[2022-02-25T18:41:20.874Z] > git for-each-ref --format=%(refname)%00%(upstream:short)%00%(objectname)%00%(upstream:track) refs/heads/master refs/remotes/master [6ms]
[2022-02-25T18:41:20.905Z] > git for-each-ref --sort -committerdate --format %(refname) %(objectname) %(*objectname) [17ms]
[2022-02-25T18:41:20.906Z] > git remote --verbose [3ms]
[2022-02-25T18:41:20.941Z] > git config --get commit.template [1ms]
[2022-02-25T18:41:24.677Z] > git ls-files --stage -- /opt/lampp/htdocs/Portfolio/projects.php [1ms]
[2022-02-25T18:41:24.684Z] > git cat-file -s d3b76fd4f2316b2e5be8ffdeb400cab3f8504a0d [2ms]
[2022-02-25T18:41:26.018Z] > git symbolic-ref --short HEAD [4ms]
[2022-02-25T18:41:26.038Z] > git for-each-ref --format=%(refname)%00%(upstream:short)%00%(objectname)%00%(upstream:track) refs/heads/master refs/remotes/master [4ms]
[2022-02-25T18:41:26.061Z] > git for-each-ref --sort -committerdate --format %(refname) %(objectname) %(*objectname) [12ms]
[2022-02-25T18:41:26.062Z] > git remote --verbose [3ms]
[2022-02-25T18:41:26.091Z] > git config --get commit.template [2ms]
[2022-02-25T18:41:47.628Z] > git symbolic-ref --short HEAD [1ms]
[2022-02-25T18:41:47.639Z] > git for-each-ref --format=%(refname)%00%(upstream:short)%00%(objectname)%00%(upstream:track) refs/heads/master refs/remotes/master [3ms]
[2022-02-25T18:41:47.656Z] > git for-each-ref --sort -committerdate --format %(refname) %(objectname) %(*objectname) [8ms]
[2022-02-25T18:41:47.657Z] > git remote --verbose [2ms]
[2022-02-25T18:41:47.681Z] > git config --get commit.template [2ms]
[2022-02-25T18:41:52.733Z] > git symbolic-ref --short HEAD [2ms]
[2022-02-25T18:41:52.741Z] > git for-each-ref --format=%(refname)%00%(upstream:short)%00%(objectname)%00%(upstream:track) refs/heads/master refs/remotes/master [2ms]
[2022-02-25T18:41:52.751Z] > git for-each-ref --sort -committerdate --format %(refname) %(objectname) %(*objectname) [5ms]
[2022-02-25T18:41:52.751Z] > git remote --verbose [1ms]
[2022-02-25T18:41:52.766Z] > git config --get commit.template [1ms]
[2022-02-25T18:41:57.825Z] > git symbolic-ref --short HEAD [2ms]
[2022-02-25T18:41:57.832Z] > git for-each-ref --format=%(refname)%00%(upstream:short)%00%(objectname)%00%(upstream:track) refs/heads/master refs/remotes/master [2ms]
[2022-02-25T18:41:57.842Z] > git for-each-ref --sort -committerdate --format %(refname) %(objectname) %(*objectname) [5ms]
[2022-02-25T18:41:57.842Z] > git remote --verbose [1ms]
[2022-02-25T18:41:57.857Z] > git config --get commit.template [1ms]
[2022-02-25T18:43:17.200Z] > git symbolic-ref --short HEAD [2ms]
[2022-02-25T18:43:17.207Z] > git for-each-ref --format=%(refname)%00%(upstream:short)%00%(objectname)%00%(upstream:track) refs/heads/master refs/remotes/master [2ms]
[2022-02-25T18:43:17.221Z] > git for-each-ref --sort -committerdate --format %(refname) %(objectname) %(*objectname) [7ms]
[2022-02-25T18:43:17.222Z] > git remote --verbose [2ms]
[2022-02-25T18:43:17.248Z] > git config --get commit.template [3ms]
[2022-02-25T18:43:22.273Z] > git symbolic-ref --short HEAD [1ms]
[2022-02-25T18:43:22.280Z] > git for-each-ref --format=%(refname)%00%(upstream:short)%00%(objectname)%00%(upstream:track) refs/heads/master refs/remotes/master [2ms]
[2022-02-25T18:43:22.292Z] > git for-each-ref --sort -committerdate --format %(refname) %(objectname) %(*objectname) [6ms]
[2022-02-25T18:43:22.292Z] > git remote --verbose [1ms]
[2022-02-25T18:43:22.312Z] > git config --get commit.template [3ms]
[2022-02-25T18:43:27.334Z] > git symbolic-ref --short HEAD [2ms]
[2022-02-25T18:43:27.341Z] > git for-each-ref --format=%(refname)%00%(upstream:short)%00%(objectname)%00%(upstream:track) refs/heads/master refs/remotes/master [2ms]
[2022-02-25T18:43:27.352Z] > git for-each-ref --sort -committerdate --format %(refname) %(objectname) %(*objectname) [6ms]
[2022-02-25T18:43:27.353Z] > git remote --verbose [2ms]
[2022-02-25T18:43:27.368Z] > git config --get commit.template [1ms]
[2022-02-25T18:43:32.425Z] > git symbolic-ref --short HEAD [4ms]
[2022-02-25T18:43:32.434Z] > git for-each-ref --format=%(refname)%00%(upstream:short)%00%(objectname)%00%(upstream:track) refs/heads/master refs/remotes/master [2ms]
[2022-02-25T18:43:32.445Z] > git for-each-ref --sort -committerdate --format %(refname) %(objectname) %(*objectname) [5ms]
[2022-02-25T18:43:32.445Z] > git remote --verbose [1ms]
[2022-02-25T18:43:32.464Z] > git config --get commit.template [4ms]
[2022-02-25T18:43:37.495Z] > git symbolic-ref --short HEAD [1ms]
[2022-02-25T18:43:37.502Z] > git for-each-ref --format=%(refname)%00%(upstream:short)%00%(objectname)%00%(upstream:track) refs/heads/master refs/remotes/master [1ms]
[2022-02-25T18:43:37.514Z] > git for-each-ref --sort -committerdate --format %(refname) %(objectname) %(*objectname) [6ms]
[2022-02-25T18:43:37.514Z] > git remote --verbose [1ms]
[2022-02-25T18:43:37.532Z] > git config --get commit.template [1ms]
[2022-02-25T18:43:42.578Z] > git symbolic-ref --short HEAD [1ms]
[2022-02-25T18:43:42.586Z] > git for-each-ref --format=%(refname)%00%(upstream:short)%00%(objectname)%00%(upstream:track) refs/heads/master refs/remotes/master [2ms]
[2022-02-25T18:43:42.597Z] > git for-each-ref --sort -committerdate --format %(refname) %(objectname) %(*objectname) [6ms]
[2022-02-25T18:43:42.597Z] > git remote --verbose [1ms]
[2022-02-25T18:43:42.615Z] > git config --get commit.template [2ms]
[2022-02-25T18:43:47.669Z] > git symbolic-ref --short HEAD [1ms]
[2022-02-25T18:43:47.676Z] > git for-each-ref --format=%(refname)%00%(upstream:short)%00%(objectname)%00%(upstream:track) refs/heads/master refs/remotes/master [1ms]
[2022-02-25T18:43:47.688Z] > git for-each-ref --sort -committerdate --format %(refname) %(objectname) %(*objectname) [7ms]
[2022-02-25T18:43:47.688Z] > git remote --verbose [1ms]
[2022-02-25T18:43:47.703Z] > git config --get commit.template [1ms]
[2022-02-25T18:43:52.729Z] > git symbolic-ref --short HEAD [1ms]
[2022-02-25T18:43:52.737Z] > git for-each-ref --format=%(refname)%00%(upstream:short)%00%(objectname)%00%(upstream:track) refs/heads/master refs/remotes/master [1ms]
[2022-02-25T18:43:52.754Z] > git for-each-ref --sort -committerdate --format %(refname) %(objectname) %(*objectname) [10ms]
[2022-02-25T18:43:52.754Z] > git remote --verbose [2ms]
[2022-02-25T18:43:52.773Z] > git config --get commit.template [1ms]
[2022-02-25T18:43:57.800Z] > git symbolic-ref --short HEAD [1ms]
[2022-02-25T18:43:57.808Z] > git for-each-ref --format=%(refname)%00%(upstream:short)%00%(objectname)%00%(upstream:track) refs/heads/master refs/remotes/master [1ms]
[2022-02-25T18:43:57.820Z] > git for-each-ref --sort -committerdate --format %(refname) %(objectname) %(*objectname) [7ms]
[2022-02-25T18:43:57.821Z] > git remote --verbose [2ms]
[2022-02-25T18:43:57.842Z] > git config --get commit.template [7ms]
[2022-02-25T18:44:02.898Z] > git symbolic-ref --short HEAD [1ms]
[2022-02-25T18:44:02.907Z] > git for-each-ref --format=%(refname)%00%(upstream:short)%00%(objectname)%00%(upstream:track) refs/heads/master refs/remotes/master [2ms]
[2022-02-25T18:44:02.918Z] > git for-each-ref --sort -committerdate --format %(refname) %(objectname) %(*objectname) [6ms]
[2022-02-25T18:44:02.918Z] > git remote --verbose [1ms]
[2022-02-25T18:44:02.935Z] > git config --get commit.template [1ms]
[2022-02-25T18:44:07.963Z] > git symbolic-ref --short HEAD [2ms]
[2022-02-25T18:44:07.970Z] > git for-each-ref --format=%(refname)%00%(upstream:short)%00%(objectname)%00%(upstream:track) refs/heads/master refs/remotes/master [2ms]
[2022-02-25T18:44:07.983Z] > git for-each-ref --sort -committerdate --format %(refname) %(objectname) %(*objectname) [7ms]
[2022-02-25T18:44:07.987Z] > git remote --verbose [5ms]
[2022-02-25T18:44:08.006Z] > git config --get commit.template [3ms]
[2022-02-25T18:44:12.191Z] > git ls-files --stage -- /opt/lampp/htdocs/Portfolio/projects.php [4ms]
[2022-02-25T18:44:12.215Z] > git cat-file -s d3b76fd4f2316b2e5be8ffdeb400cab3f8504a0d [4ms]
[2022-02-25T18:44:13.026Z] > git symbolic-ref --short HEAD [1ms]
[2022-02-25T18:44:13.032Z] > git for-each-ref --format=%(refname)%00%(upstream:short)%00%(objectname)%00%(upstream:track) refs/heads/master refs/remotes/master [1ms]
[2022-02-25T18:44:13.043Z] > git for-each-ref --sort -committerdate --format %(refname) %(objectname) %(*objectname) [6ms]
[2022-02-25T18:44:13.043Z] > git remote --verbose [1ms]
[2022-02-25T18:44:13.063Z] > git config --get commit.template [4ms]
[2022-02-25T18:44:17.191Z] > git ls-files --stage -- /opt/lampp/htdocs/Portfolio/projects.php [1ms]
[2022-02-25T18:44:17.219Z] > git cat-file -s d37dcd4d077d90f55e55268fddf64cb7bfd795dc [4ms]
[2022-02-25T18:44:18.173Z] > git symbolic-ref --short HEAD [1ms]
[2022-02-25T18:44:18.180Z] > git for-each-ref --format=%(refname)%00%(upstream:short)%00%(objectname)%00%(upstream:track) refs/heads/master refs/remotes/master [2ms]
[2022-02-25T18:44:18.190Z] > git for-each-ref --sort -committerdate --format %(refname) %(objectname) %(*objectname) [6ms]
[2022-02-25T18:44:18.190Z] > git remote --verbose [1ms]
[2022-02-25T18:44:18.210Z] > git config --get commit.template [1ms]
[2022-02-25T18:44:19.584Z] > git ls-files --stage -- /opt/lampp/htdocs/Portfolio/projects.php [1ms]
[2022-02-25T18:44:19.591Z] > git cat-file -s d37dcd4d077d90f55e55268fddf64cb7bfd795dc [2ms]
[2022-02-25T18:44:23.277Z] > git symbolic-ref --short HEAD [5ms]
[2022-02-25T18:44:23.312Z] > git for-each-ref --format=%(refname)%00%(upstream:short)%00%(objectname)%00%(upstream:track) refs/heads/master refs/remotes/master [15ms]
[2022-02-25T18:44:23.341Z] > git for-each-ref --sort -committerdate --format %(refname) %(objectname) %(*objectname) [17ms]
[2022-02-25T18:44:23.342Z] > git remote --verbose [3ms]
[2022-02-25T18:44:23.368Z] > git config --get commit.template [11ms]
[2022-02-25T18:44:28.421Z] > git symbolic-ref --short HEAD [3ms]
[2022-02-25T18:44:28.432Z] > git for-each-ref --format=%(refname)%00%(upstream:short)%00%(objectname)%00%(upstream:track) refs/heads/master refs/remotes/master [3ms]
[2022-02-25T18:44:28.451Z] > git for-each-ref --sort -committerdate --format %(refname) %(objectname) %(*objectname) [11ms]
[2022-02-25T18:44:28.455Z] > git remote --verbose [4ms]
[2022-02-25T18:44:28.467Z] > git config --get commit.template [2ms]
[2022-02-25T18:44:33.495Z] > git symbolic-ref --short HEAD [2ms]
[2022-02-25T18:44:33.504Z] > git for-each-ref --format=%(refname)%00%(upstream:short)%00%(objectname)%00%(upstream:track) refs/heads/master refs/remotes/master [3ms]
[2022-02-25T18:44:33.518Z] > git for-each-ref --sort -committerdate --format %(refname) %(objectname) %(*objectname) [8ms]
[2022-02-25T18:44:33.518Z] > git remote --verbose [1ms]
[2022-02-25T18:44:33.529Z] > git config --get commit.template [2ms]
[2022-02-25T18:44:39.862Z] > git symbolic-ref --short HEAD [3ms]
[2022-02-25T18:44:39.880Z] > git for-each-ref --format=%(refname)%00%(upstream:short)%00%(objectname)%00%(upstream:track) refs/heads/master refs/remotes/master [3ms]
[2022-02-25T18:44:39.900Z] > git for-each-ref --sort -committerdate --format %(refname) %(objectname) %(*objectname) [10ms]
[2022-02-25T18:44:39.901Z] > git remote --verbose [3ms]
[2022-02-25T18:44:39.913Z] > git config --get commit.template [1ms]
[2022-02-25T18:44:44.936Z] > git symbolic-ref --short HEAD [1ms]
[2022-02-25T18:44:44.943Z] > git for-each-ref --format=%(refname)%00%(upstream:short)%00%(objectname)%00%(upstream:track) refs/heads/master refs/remotes/master [2ms]
[2022-02-25T18:44:44.955Z] > git for-each-ref --sort -committerdate --format %(refname) %(objectname) %(*objectname) [7ms]
[2022-02-25T18:44:44.955Z] > git remote --verbose [1ms]
[2022-02-25T18:44:44.965Z] > git config --get commit.template [1ms]
[2022-02-25T18:45:11.372Z] > git symbolic-ref --short HEAD [3ms]
[2022-02-25T18:45:11.384Z] > git for-each-ref --format=%(refname)%00%(upstream:short)%00%(objectname)%00%(upstream:track) refs/heads/master refs/remotes/master [3ms]
[2022-02-25T18:45:11.407Z] > git for-each-ref --sort -committerdate --format %(refname) %(objectname) %(*objectname) [12ms]
[2022-02-25T18:45:11.411Z] > git remote --verbose [5ms]
[2022-02-25T18:45:11.434Z] > git config --get commit.template [3ms]
[2022-02-25T18:45:16.475Z] > git symbolic-ref --short HEAD [3ms]
[2022-02-25T18:45:16.485Z] > git for-each-ref --format=%(refname)%00%(upstream:short)%00%(objectname)%00%(upstream:track) refs/heads/master refs/remotes/master [2ms]
[2022-02-25T18:45:16.506Z] > git for-each-ref --sort -committerdate --format %(refname) %(objectname) %(*objectname) [10ms]
[2022-02-25T18:45:16.508Z] > git remote --verbose [4ms]
[2022-02-25T18:45:16.525Z] > git config --get commit.template [5ms]
[2022-02-25T18:45:24.732Z] > git symbolic-ref --short HEAD [9ms]
[2022-02-25T18:45:24.741Z] > git ls-files --stage -- /opt/lampp/htdocs/Portfolio/projects.php [10ms]
[2022-02-25T18:45:24.751Z] > git for-each-ref --format=%(refname)%00%(upstream:short)%00%(objectname)%00%(upstream:track) refs/heads/master refs/remotes/master [11ms]
[2022-02-25T18:45:24.768Z] > git for-each-ref --sort -committerdate --format %(refname) %(objectname) %(*objectname) [8ms]
[2022-02-25T18:45:24.768Z] > git cat-file -s d37dcd4d077d90f55e55268fddf64cb7bfd795dc [17ms]
[2022-02-25T18:45:24.769Z] > git remote --verbose [2ms]
[2022-02-25T18:45:24.786Z] > git config --get commit.template [2ms]
[2022-02-25T18:45:40.425Z] > git symbolic-ref --short HEAD [1ms]
[2022-02-25T18:45:40.434Z] > git for-each-ref --format=%(refname)%00%(upstream:short)%00%(objectname)%00%(upstream:track) refs/heads/master refs/remotes/master [3ms]
[2022-02-25T18:45:40.449Z] > git for-each-ref --sort -committerdate --format %(refname) %(objectname) %(*objectname) [7ms]
[2022-02-25T18:45:40.449Z] > git remote --verbose [1ms]
[2022-02-25T18:45:40.460Z] > git config --get commit.template [1ms]
[2022-02-25T18:45:45.510Z] > git symbolic-ref --short HEAD [2ms]
[2022-02-25T18:45:45.517Z] > git for-each-ref --format=%(refname)%00%(upstream:short)%00%(objectname)%00%(upstream:track) refs/heads/master refs/remotes/master [1ms]
[2022-02-25T18:45:45.529Z] > git for-each-ref --sort -committerdate --format %(refname) %(objectname) %(*objectname) [7ms]
[2022-02-25T18:45:45.529Z] > git remote --verbose [1ms]
[2022-02-25T18:45:45.537Z] > git config --get commit.template [1ms]
[2022-02-25T18:45:50.589Z] > git symbolic-ref --short HEAD [2ms]
[2022-02-25T18:45:50.596Z] > git for-each-ref --format=%(refname)%00%(upstream:short)%00%(objectname)%00%(upstream:track) refs/heads/master refs/remotes/master [2ms]
[2022-02-25T18:45:50.608Z] > git for-each-ref --sort -committerdate --format %(refname) %(objectname) %(*objectname) [7ms]
[2022-02-25T18:45:50.609Z] > git remote --verbose [3ms]
[2022-02-25T18:45:50.617Z] > git config --get commit.template [2ms]
[2022-02-25T18:45:55.659Z] > git symbolic-ref --short HEAD [1ms]
[2022-02-25T18:45:55.666Z] > git for-each-ref --format=%(refname)%00%(upstream:short)%00%(objectname)%00%(upstream:track) refs/heads/master refs/remotes/master [1ms]
[2022-02-25T18:45:55.679Z] > git for-each-ref --sort -committerdate --format %(refname) %(objectname) %(*objectname) [7ms]
[2022-02-25T18:45:55.679Z] > git remote --verbose [1ms]
[2022-02-25T18:45:55.688Z] > git config --get commit.template [1ms]
[2022-02-25T18:46:00.748Z] > git symbolic-ref --short HEAD [4ms]
[2022-02-25T18:46:00.764Z] > git for-each-ref --format=%(refname)%00%(upstream:short)%00%(objectname)%00%(upstream:track) refs/heads/master refs/remotes/master [4ms]
[2022-02-25T18:46:00.792Z] > git for-each-ref --sort -committerdate --format %(refname) %(objectname) %(*objectname) [14ms]
[2022-02-25T18:46:00.794Z] > git remote --verbose [4ms]
[2022-02-25T18:46:00.820Z] > git config --get commit.template [5ms]
[2022-02-25T18:46:05.869Z] > git symbolic-ref --short HEAD [1ms]
[2022-02-25T18:46:05.876Z] > git for-each-ref --format=%(refname)%00%(upstream:short)%00%(objectname)%00%(upstream:track) refs/heads/master refs/remotes/master [2ms]
[2022-02-25T18:46:05.886Z] > git for-each-ref --sort -committerdate --format %(refname) %(objectname) %(*objectname) [5ms]
[2022-02-25T18:46:05.887Z] > git remote --verbose [2ms]
[2022-02-25T18:46:05.894Z] > git config --get commit.template [1ms]
[2022-02-25T18:46:18.706Z] > git symbolic-ref --short HEAD [3ms]
[2022-02-25T18:46:18.714Z] > git for-each-ref --format=%(refname)%00%(upstream:short)%00%(objectname)%00%(upstream:track) refs/heads/master refs/remotes/master [2ms]
[2022-02-25T18:46:18.729Z] > git for-each-ref --sort -committerdate --format %(refname) %(objectname) %(*objectname) [9ms]
[2022-02-25T18:46:18.730Z] > git remote --verbose [3ms]
[2022-02-25T18:46:18.736Z] > git config --get commit.template [1ms]
[2022-02-25T18:46:23.789Z] > git symbolic-ref --short HEAD [2ms]
[2022-02-25T18:46:23.797Z] > git for-each-ref --format=%(refname)%00%(upstream:short)%00%(objectname)%00%(upstream:track) refs/heads/master refs/remotes/master [1ms]
[2022-02-25T18:46:23.809Z] > git for-each-ref --sort -committerdate --format %(refname) %(objectname) %(*objectname) [6ms]
[2022-02-25T18:46:23.809Z] > git remote --verbose [1ms]
[2022-02-25T18:46:23.819Z] > git config --get commit.template [1ms]
[2022-02-25T18:46:28.871Z] > git symbolic-ref --short HEAD [2ms]
[2022-02-25T18:46:28.878Z] > git for-each-ref --format=%(refname)%00%(upstream:short)%00%(objectname)%00%(upstream:track) refs/heads/master refs/remotes/master [2ms]
[2022-02-25T18:46:28.890Z] > git for-each-ref --sort -committerdate --format %(refname) %(objectname) %(*objectname) [7ms]
[2022-02-25T18:46:28.890Z] > git remote --verbose [2ms]
[2022-02-25T18:46:28.897Z] > git config --get commit.template [1ms]
[2022-02-25T18:46:33.945Z] > git symbolic-ref --short HEAD [1ms]
[2022-02-25T18:46:33.952Z] > git for-each-ref --format=%(refname)%00%(upstream:short)%00%(objectname)%00%(upstream:track) refs/heads/master refs/remotes/master [2ms]
[2022-02-25T18:46:33.963Z] > git for-each-ref --sort -committerdate --format %(refname) %(objectname) %(*objectname) [5ms]
[2022-02-25T18:46:33.964Z] > git remote --verbose [1ms]
[2022-02-25T18:46:33.973Z] > git config --get commit.template [1ms]
[2022-02-25T18:46:51.234Z] > git symbolic-ref --short HEAD [2ms]
[2022-02-25T18:46:51.241Z] > git for-each-ref --format=%(refname)%00%(upstream:short)%00%(objectname)%00%(upstream:track) refs/heads/master refs/remotes/master [1ms]
[2022-02-25T18:46:51.254Z] > git for-each-ref --sort -committerdate --format %(refname) %(objectname) %(*objectname) [8ms]
[2022-02-25T18:46:51.254Z] > git remote --verbose [1ms]
[2022-02-25T18:46:51.265Z] > git config --get commit.template [1ms]
[2022-02-25T18:46:56.315Z] > git symbolic-ref --short HEAD [2ms]
[2022-02-25T18:46:56.321Z] > git for-each-ref --format=%(refname)%00%(upstream:short)%00%(objectname)%00%(upstream:track) refs/heads/master refs/remotes/master [1ms]
[2022-02-25T18:46:56.331Z] > git for-each-ref --sort -committerdate --format %(refname) %(objectname) %(*objectname) [5ms]
[2022-02-25T18:46:56.331Z] > git remote --verbose [1ms]
[2022-02-25T18:46:56.339Z] > git config --get commit.template [1ms]
[2022-02-25T18:47:01.390Z] > git symbolic-ref --short HEAD [2ms]
[2022-02-25T18:47:01.397Z] > git for-each-ref --format=%(refname)%00%(upstream:short)%00%(objectname)%00%(upstream:track) refs/heads/master refs/remotes/master [2ms]
[2022-02-25T18:47:01.406Z] > git for-each-ref --sort -committerdate --format %(refname) %(objectname) %(*objectname) [5ms]
[2022-02-25T18:47:01.406Z] > git remote --verbose [1ms]
[2022-02-25T18:47:01.413Z] > git config --get commit.template [1ms]
[2022-02-25T18:47:06.476Z] > git symbolic-ref --short HEAD [1ms]
[2022-02-25T18:47:06.483Z] > git for-each-ref --format=%(refname)%00%(upstream:short)%00%(objectname)%00%(upstream:track) refs/heads/master refs/remotes/master [2ms]
[2022-02-25T18:47:06.494Z] > git for-each-ref --sort -committerdate --format %(refname) %(objectname) %(*objectname) [6ms]
[2022-02-25T18:47:06.495Z] > git remote --verbose [2ms]
[2022-02-25T18:47:06.506Z] > git config --get commit.template [1ms]
[2022-02-25T18:47:11.539Z] > git symbolic-ref --short HEAD [1ms]
[2022-02-25T18:47:11.548Z] > git for-each-ref --format=%(refname)%00%(upstream:short)%00%(objectname)%00%(upstream:track) refs/heads/master refs/remotes/master [1ms]
[2022-02-25T18:47:11.559Z] > git for-each-ref --sort -committerdate --format %(refname) %(objectname) %(*objectname) [6ms]
[2022-02-25T18:47:11.559Z] > git remote --verbose [1ms]
[2022-02-25T18:47:11.567Z] > git config --get commit.template [1ms]
[2022-02-25T18:47:16.613Z] > git symbolic-ref --short HEAD [1ms]
[2022-02-25T18:47:16.620Z] > git for-each-ref --format=%(refname)%00%(upstream:short)%00%(objectname)%00%(upstream:track) refs/heads/master refs/remotes/master [2ms]
[2022-02-25T18:47:16.633Z] > git for-each-ref --sort -committerdate --format %(refname) %(objectname) %(*objectname) [7ms]
[2022-02-25T18:47:16.634Z] > git remote --verbose [2ms]
[2022-02-25T18:47:16.653Z] > git config --get commit.template [2ms]
[2022-02-25T18:47:21.705Z] > git symbolic-ref --short HEAD [2ms]
[2022-02-25T18:47:21.714Z] > git for-each-ref --format=%(refname)%00%(upstream:short)%00%(objectname)%00%(upstream:track) refs/heads/master refs/remotes/master [2ms]
[2022-02-25T18:47:21.726Z] > git for-each-ref --sort -committerdate --format %(refname) %(objectname) %(*objectname) [6ms]
[2022-02-25T18:47:21.727Z] > git remote --verbose [2ms]
[2022-02-25T18:47:21.735Z] > git config --get commit.template [1ms]
[2022-02-25T18:47:26.780Z] > git symbolic-ref --short HEAD [1ms]
[2022-02-25T18:47:26.787Z] > git for-each-ref --format=%(refname)%00%(upstream:short)%00%(objectname)%00%(upstream:track) refs/heads/master refs/remotes/master [1ms]
[2022-02-25T18:47:26.800Z] > git for-each-ref --sort -committerdate --format %(refname) %(objectname) %(*objectname) [7ms]
[2022-02-25T18:47:26.800Z] > git remote --verbose [1ms]
[2022-02-25T18:47:26.812Z] > git config --get commit.template [4ms]
[2022-02-25T18:47:31.867Z] > git symbolic-ref --short HEAD [2ms]
[2022-02-25T18:47:31.876Z] > git for-each-ref --format=%(refname)%00%(upstream:short)%00%(objectname)%00%(upstream:track) refs/heads/master refs/remotes/master [2ms]
[2022-02-25T18:47:31.889Z] > git remote --verbose [2ms]
[2022-02-25T18:47:31.889Z] > git for-each-ref --sort -committerdate --format %(refname) %(objectname) %(*objectname) [7ms]
[2022-02-25T18:47:31.898Z] > git config --get commit.template [2ms]
